#
# A fatal error has been detected by the Java Runtime Environment:
#
#  EXCEPTION_ACCESS_VIOLATION (0xc0000005) at pc=0x00007fffb65e7c81, pid=1292, tid=7924
#
# JRE version: OpenJDK Runtime Environment (11.0.10) (build 11.0.10+0-b96-7249189)
# Java VM: OpenJDK 64-Bit Server VM (11.0.10+0-b96-7249189, mixed mode, tiered, compressed oops, g1 gc, windows-amd64)
# Problematic frame:
# V  [jvm.dll+0x357c81]
#
# No core dump will be written. Minidumps are not enabled by default on client versions of Windows
#
# If you would like to submit a bug report, please visit:
#   https://bugreport.java.com/bugreport/crash.jsp
#

---------------  S U M M A R Y ------------

Command Line: --add-opens=java.base/java.util=ALL-UNNAMED --add-opens=java.base/java.lang=ALL-UNNAMED --add-opens=java.base/java.lang.invoke=ALL-UNNAMED --add-opens=java.base/java.util=ALL-UNNAMED --add-opens=java.prefs/java.util.prefs=ALL-UNNAMED --add-opens=java.prefs/java.util.prefs=ALL-UNNAMED --add-opens=java.base/java.nio.charset=ALL-UNNAMED --add-opens=java.base/java.net=ALL-UNNAMED --add-opens=java.base/java.util.concurrent.atomic=ALL-UNNAMED -Xmx2048m -Dfile.encoding=UTF-8 -Duser.country=AR -Duser.language=es -Duser.variant org.gradle.launcher.daemon.bootstrap.GradleDaemon 7.0.2

Host: Intel(R) Core(TM) i5-10400 CPU @ 2.90GHz, 12 cores, 15G,  Windows 10 , 64 bit Build 19041 (10.0.19041.928)
Time: Wed Sep  8 16:51:00 2021 Hora estándar de Argentina elapsed time: 7.644613 seconds (0d 0h 0m 7s)

---------------  T H R E A D  ---------------

Current thread (0x000002042912f800):  JavaThread "C2 CompilerThread1" daemon [_thread_in_native, id=7924, stack(0x000000685f400000,0x000000685f500000)]


Current CompileTask:
C2:   7644 5935 %     4       org.objectweb.asm.ClassReader::accept @ 97 (1404 bytes)

Stack: [0x000000685f400000,0x000000685f500000],  sp=0x000000685f4fba70,  free space=1006k
Native frames: (J=compiled Java code, j=interpreted, Vv=VM code, C=native code)
V  [jvm.dll+0x357c81]
V  [jvm.dll+0x351577]
V  [jvm.dll+0x197e40]
V  [jvm.dll+0x1fb70e]
V  [jvm.dll+0x1fa7f4]
V  [jvm.dll+0x18354c]
V  [jvm.dll+0x208ee7]
V  [jvm.dll+0x207731]
V  [jvm.dll+0x6eb1cf]
V  [jvm.dll+0x6e3d45]
V  [jvm.dll+0x5ebe96]
C  [ucrtbase.dll+0x21bb2]
C  [KERNEL32.DLL+0x17034]
C  [ntdll.dll+0x52651]


siginfo: EXCEPTION_ACCESS_VIOLATION (0xc0000005), reading address 0x000077ffb6c87c38


Register to memory mapping:

RIP=0x00007fffb65e7c81 jvm.dll
RAX=0x0 is NULL
RBX=0x000000685f4fbb50 is pointing into the stack for thread: 0x000002042912f800
RCX=0x00000204292a53a0 points into unknown readable memory: 0x0000000000000000 | 00 00 00 00 00 00 00 00
RDX=0x000002043099da60 points into unknown readable memory: 0x0000000000000003 | 03 00 00 00 00 00 00 00
RSP=0x000000685f4fba70 is pointing into the stack for thread: 0x000002042912f800
RBP=0x000000685f4fe5f0 is pointing into the stack for thread: 0x000002042912f800
RSI=0x0000000000000040 is an unknown value
RDI=0x0000000000000008 is an unknown value
R8 =0x0000000000000040 is an unknown value
R9 =0x0000000000000008 is an unknown value
R10=0x0000000000000040 is an unknown value
R11=0x000000685f4fbb50 is pointing into the stack for thread: 0x000002042912f800
R12=0x00000204296d7e10 points into unknown readable memory: 0x0000020427cbd0d0 | d0 d0 cb 27 04 02 00 00
R13=0x00007fffb6c87c38 jvm.dll
R14=0x000077ffb6c87c38 is an unknown value
R15=0x000002043099da60 points into unknown readable memory: 0x0000000000000003 | 03 00 00 00 00 00 00 00


Registers:
RAX=0x0000000000000000, RBX=0x000000685f4fbb50, RCX=0x00000204292a53a0, RDX=0x000002043099da60
RSP=0x000000685f4fba70, RBP=0x000000685f4fe5f0, RSI=0x0000000000000040, RDI=0x0000000000000008
R8 =0x0000000000000040, R9 =0x0000000000000008, R10=0x0000000000000040, R11=0x000000685f4fbb50
R12=0x00000204296d7e10, R13=0x00007fffb6c87c38, R14=0x000077ffb6c87c38, R15=0x000002043099da60
RIP=0x00007fffb65e7c81, EFLAGS=0x0000000000010246

Top of Stack: (sp=0x000000685f4fba70)
0x000000685f4fba70:   00000204292a6110 0000000000000040
0x000000685f4fba80:   000000685f4fbb50 0000000000000000
0x000000685f4fba90:   0000000000000004 0000000000000004
0x000000685f4fbaa0:   0000000000000001 000000685f4fbbc0
0x000000685f4fbab0:   0000000000000004 00007fffb65e1577
0x000000685f4fbac0:   0000000000000000 000000685f4fc100
0x000000685f4fbad0:   00000204301d8d20 0000000000000000
0x000000685f4fbae0:   000000685f4fbb18 3ef4f6831f766c82
0x000000685f4fbaf0:   00000068000f423f 0000000400000000
0x000000685f4fbb00:   0000000d00000001 0000000000000000
0x000000685f4fbb10:   00000001ffffffff 0000000400000000
0x000000685f4fbb20:   0000000e00000000 00007ff800000000
0x000000685f4fbb30:   0000085900000003 0000020400000004
0x000000685f4fbb40:   0000000000000000 00007fff00000400
0x000000685f4fbb50:   0000020400000003 00000204292a6310
0x000000685f4fbb60:   00000204307214f0 00007fff00000000 

Instructions: (pc=0x00007fffb65e7c81)
0x00007fffb65e7b81:   88 00 00 00 48 8b c6 48 f7 d0 48 8b b9 80 08 00
0x00007fffb65e7b91:   00 48 3b 47 18 73 12 4c 8d 05 21 69 48 00 48 8b
0x00007fffb65e7ba1:   d6 48 8b cf e8 46 52 d6 ff 48 8b 47 18 48 8d 0c
0x00007fffb65e7bb1:   30 48 3b 4f 20 76 10 45 33 c0 48 8b d6 48 8b cf
0x00007fffb65e7bc1:   e8 0a 4e d6 ff eb 04 48 89 4f 18 48 89 43 08 41
0x00007fffb65e7bd1:   b9 08 00 00 00 33 ff 39 bb 90 00 00 00 0f 86 d2
0x00007fffb65e7be1:   00 00 00 65 48 8b 04 25 58 00 00 00 4c 89 64 24
0x00007fffb65e7bf1:   50 4c 89 6c 24 58 4c 8d 2d 3a 00 6a 00 4c 89 74
0x00007fffb65e7c01:   24 60 4c 8d 24 e8 66 0f 1f 84 00 00 00 00 00 49
0x00007fffb65e7c11:   8b 47 08 48 8d 34 fd 00 00 00 00 4c 8b 34 06 4d
0x00007fffb65e7c21:   3b f5 75 0a 48 8b 43 08 4c 89 2c 06 eb 6a 49 8b
0x00007fffb65e7c31:   04 24 41 8b c9 48 8b 0c 01 48 8b 81 d0 04 00 00
0x00007fffb65e7c41:   48 8b a8 88 00 00 00 48 8b 8d 88 08 00 00 48 85
0x00007fffb65e7c51:   c9 75 12 e8 97 09 00 00 48 8b 8d 88 08 00 00 41
0x00007fffb65e7c61:   b9 08 00 00 00 48 8b 01 48 89 85 88 08 00 00 33
0x00007fffb65e7c71:   c0 48 89 01 48 89 41 08 48 89 41 10 48 89 41 18
0x00007fffb65e7c81:   41 0f 10 06 0f 11 01 41 0f 10 4e 10 0f 11 49 10
0x00007fffb65e7c91:   48 8b 43 08 48 89 0c 06 ff c7 3b bb 90 00 00 00
0x00007fffb65e7ca1:   0f 82 69 ff ff ff 4c 8b 74 24 60 4c 8b 6c 24 58
0x00007fffb65e7cb1:   4c 8b 64 24 50 48 8b c3 48 83 c4 20 41 5f 5f 5e
0x00007fffb65e7cc1:   5d 5b c3 cc cc cc cc cc cc cc cc cc cc cc cc 83
0x00007fffb65e7cd1:   3a 00 4c 8b c2 c7 41 08 08 00 00 00 75 16 33 d2
0x00007fffb65e7ce1:   c7 41 18 01 00 00 00 89 11 48 8b c1 c7 41 28 01
0x00007fffb65e7cf1:   00 00 00 c3 33 d2 48 89 11 89 51 18 41 8b 80 90
0x00007fffb65e7d01:   00 00 00 89 41 28 48 89 51 10 49 8b 40 08 48 89
0x00007fffb65e7d11:   41 20 48 8b c1 4c 89 41 30 c3 cc cc cc cc cc 48
0x00007fffb65e7d21:   83 ec 28 8b 51 08 4c 8b c9 83 fa 08 73 18 4c 8b
0x00007fffb65e7d31:   41 10 8b c2 41 83 3c 80 00 0f 85 0d 01 00 00 ff
0x00007fffb65e7d41:   c2 83 fa 08 72 ec 44 8b 51 18 48 89 5c 24 30 48
0x00007fffb65e7d51:   89 6c 24 38 48 89 74 24 40 48 89 7c 24 20 44 3b
0x00007fffb65e7d61:   51 28 0f 83 b9 00 00 00 8b 0d 0d ba 6d 00 48 8d
0x00007fffb65e7d71:   35 c2 fe 69 00 65 48 8b 04 25 58 00 00 00 bd 08 


Stack slot to memory mapping:
stack at sp + 0 slots: 0x00000204292a6110 points into unknown readable memory: 0x00000204292a53e0 | e0 53 2a 29 04 02 00 00
stack at sp + 1 slots: 0x0000000000000040 is an unknown value
stack at sp + 2 slots: 0x000000685f4fbb50 is pointing into the stack for thread: 0x000002042912f800
stack at sp + 3 slots: 0x0 is NULL
stack at sp + 4 slots: 0x0000000000000004 is an unknown value
stack at sp + 5 slots: 0x0000000000000004 is an unknown value
stack at sp + 6 slots: 0x0000000000000001 is an unknown value
stack at sp + 7 slots: 0x000000685f4fbbc0 is pointing into the stack for thread: 0x000002042912f800


---------------  P R O C E S S  ---------------

Threads class SMR info:
_java_thread_list=0x000002042bf87440, length=45, elements={
0x000002040a67f800, 0x00000204257a6800, 0x00000204257a7800, 0x0000020425807800,
0x0000020425809800, 0x000002042580c000, 0x0000020425811000, 0x0000020425814000,
0x0000020425815000, 0x000002042598a000, 0x0000020426597800, 0x000002042659a000,
0x0000020426598800, 0x0000020426599000, 0x000002042857b800, 0x000002042857c800,
0x0000020428582000, 0x000002042857e000, 0x000002042857e800, 0x000002042857f800,
0x000002042857d000, 0x0000020428583000, 0x0000020428580800, 0x0000020428583800,
0x0000020428584800, 0x0000020428585800, 0x0000020428586000, 0x0000020428581000,
0x0000020428587800, 0x0000020428587000, 0x0000020428588800, 0x0000020428589800,
0x000002042858a000, 0x0000020428bcb000, 0x0000020428bd0000, 0x0000020428bce000,
0x0000020428bcb800, 0x0000020428bcc800, 0x0000020428bcf000, 0x0000020428bcd800,
0x0000020428bca000, 0x0000020428bd0800, 0x000002042822b000, 0x000002042912f800,
0x000002042b9c0800
}

Java Threads: ( => current thread )
  0x000002040a67f800 JavaThread "main" [_thread_blocked, id=8644, stack(0x000000685e300000,0x000000685e400000)]
  0x00000204257a6800 JavaThread "Reference Handler" daemon [_thread_blocked, id=168, stack(0x000000685ea00000,0x000000685eb00000)]
  0x00000204257a7800 JavaThread "Finalizer" daemon [_thread_blocked, id=2488, stack(0x000000685eb00000,0x000000685ec00000)]
  0x0000020425807800 JavaThread "Signal Dispatcher" daemon [_thread_blocked, id=3680, stack(0x000000685ec00000,0x000000685ed00000)]
  0x0000020425809800 JavaThread "Attach Listener" daemon [_thread_blocked, id=7380, stack(0x000000685ed00000,0x000000685ee00000)]
  0x000002042580c000 JavaThread "Service Thread" daemon [_thread_blocked, id=11912, stack(0x000000685ee00000,0x000000685ef00000)]
  0x0000020425811000 JavaThread "C2 CompilerThread0" daemon [_thread_in_native, id=1180, stack(0x000000685ef00000,0x000000685f000000)]
  0x0000020425814000 JavaThread "C1 CompilerThread0" daemon [_thread_blocked, id=8788, stack(0x000000685f000000,0x000000685f100000)]
  0x0000020425815000 JavaThread "Sweeper thread" daemon [_thread_blocked, id=9376, stack(0x000000685f100000,0x000000685f200000)]
  0x000002042598a000 JavaThread "Common-Cleaner" daemon [_thread_blocked, id=8440, stack(0x000000685f200000,0x000000685f300000)]
  0x0000020426597800 JavaThread "Daemon health stats" [_thread_blocked, id=8876, stack(0x000000685fb00000,0x000000685fc00000)]
  0x000002042659a000 JavaThread "Incoming local TCP Connector on port 60771" [_thread_in_native, id=11616, stack(0x000000685fc00000,0x000000685fd00000)]
  0x0000020426598800 JavaThread "Daemon periodic checks" [_thread_blocked, id=8056, stack(0x000000685fd00000,0x000000685fe00000)]
  0x0000020426599000 JavaThread "Daemon" [_thread_blocked, id=7968, stack(0x000000685fe00000,0x000000685ff00000)]
  0x000002042857b800 JavaThread "Handler for socket connection from /127.0.0.1:60771 to /127.0.0.1:60772" [_thread_in_native, id=10020, stack(0x000000685ff00000,0x0000006860000000)]
  0x000002042857c800 JavaThread "Cancel handler" [_thread_blocked, id=4176, stack(0x0000006860000000,0x0000006860100000)]
  0x0000020428582000 JavaThread "Daemon worker" [_thread_blocked, id=7444, stack(0x0000006860100000,0x0000006860200000)]
  0x000002042857e000 JavaThread "Asynchronous log dispatcher for DefaultDaemonConnection: socket connection from /127.0.0.1:60771 to /127.0.0.1:60772" [_thread_blocked, id=2096, stack(0x0000006860200000,0x0000006860300000)]
  0x000002042857e800 JavaThread "Stdin handler" [_thread_blocked, id=1092, stack(0x0000006860300000,0x0000006860400000)]
  0x000002042857f800 JavaThread "Daemon client event forwarder" [_thread_blocked, id=10012, stack(0x0000006860400000,0x0000006860500000)]
  0x000002042857d000 JavaThread "Cache worker for file hash cache (C:\Users\Daniel\.gradle\caches\7.0.2\fileHashes)" [_thread_blocked, id=2244, stack(0x000000685f500000,0x000000685f600000)]
  0x0000020428583000 JavaThread "File lock request listener" [_thread_in_native, id=2704, stack(0x0000006860500000,0x0000006860600000)]
  0x0000020428580800 JavaThread "Cache worker for journal cache (C:\Users\Daniel\.gradle\caches\journal-1)" [_thread_blocked, id=7044, stack(0x0000006860c00000,0x0000006860d00000)]
  0x0000020428583800 JavaThread "Cache worker for file hash cache (E:\Proyectos\AndroidProjects\Room\.gradle\7.0.2\fileHashes)" [_thread_blocked, id=7120, stack(0x0000006860d00000,0x0000006860e00000)]
  0x0000020428584800 JavaThread "File watcher server" daemon [_thread_in_native, id=748, stack(0x0000006860e00000,0x0000006860f00000)]
  0x0000020428585800 JavaThread "File watcher consumer" daemon [_thread_blocked, id=11520, stack(0x0000006860f00000,0x0000006861000000)]
  0x0000020428586000 JavaThread "jar transforms" [_thread_blocked, id=1960, stack(0x0000006861000000,0x0000006861100000)]
  0x0000020428581000 JavaThread "jar transforms Thread 2" [_thread_blocked, id=12380, stack(0x0000006861100000,0x0000006861200000)]
  0x0000020428587800 JavaThread "jar transforms Thread 3" [_thread_in_Java, id=9592, stack(0x0000006861200000,0x0000006861300000)]
  0x0000020428587000 JavaThread "jar transforms Thread 4" [_thread_blocked, id=3500, stack(0x0000006861300000,0x0000006861400000)]
  0x0000020428588800 JavaThread "jar transforms Thread 5" [_thread_blocked, id=2892, stack(0x0000006861400000,0x0000006861500000)]
  0x0000020428589800 JavaThread "jar transforms Thread 6" [_thread_blocked, id=12576, stack(0x0000006861500000,0x0000006861600000)]
  0x000002042858a000 JavaThread "jar transforms Thread 7" [_thread_blocked, id=4408, stack(0x0000006861600000,0x0000006861700000)]
  0x0000020428bcb000 JavaThread "jar transforms Thread 8" [_thread_blocked, id=8720, stack(0x0000006861700000,0x0000006861800000)]
  0x0000020428bd0000 JavaThread "jar transforms Thread 9" [_thread_blocked, id=13492, stack(0x0000006861800000,0x0000006861900000)]
  0x0000020428bce000 JavaThread "jar transforms Thread 10" [_thread_blocked, id=12880, stack(0x0000006861900000,0x0000006861a00000)]
  0x0000020428bcb800 JavaThread "jar transforms Thread 11" [_thread_blocked, id=5260, stack(0x0000006861a00000,0x0000006861b00000)]
  0x0000020428bcc800 JavaThread "jar transforms Thread 12" [_thread_blocked, id=1588, stack(0x0000006861b00000,0x0000006861c00000)]
  0x0000020428bcf000 JavaThread "Cache worker for checksums cache (E:\Proyectos\AndroidProjects\Room\.gradle\checksums)" [_thread_blocked, id=8928, stack(0x0000006861c00000,0x0000006861d00000)]
  0x0000020428bcd800 JavaThread "Cache worker for cache directory md-supplier (C:\Users\Daniel\.gradle\caches\7.0.2\md-supplier)" [_thread_blocked, id=11048, stack(0x0000006861d00000,0x0000006861e00000)]
  0x0000020428bca000 JavaThread "Cache worker for cache directory md-rule (C:\Users\Daniel\.gradle\caches\7.0.2\md-rule)" [_thread_blocked, id=5244, stack(0x0000006861e00000,0x0000006861f00000)]
  0x0000020428bd0800 JavaThread "Cache worker for execution history cache (C:\Users\Daniel\.gradle\caches\7.0.2\executionHistory)" [_thread_blocked, id=5576, stack(0x0000006861f00000,0x0000006862000000)]
  0x000002042822b000 JavaThread "Cache worker for file content cache (C:\Users\Daniel\.gradle\caches\7.0.2\fileContent)" [_thread_blocked, id=12876, stack(0x0000006862100000,0x0000006862200000)]
=>0x000002042912f800 JavaThread "C2 CompilerThread1" daemon [_thread_in_native, id=7924, stack(0x000000685f400000,0x000000685f500000)]
  0x000002042b9c0800 JavaThread "C2 CompilerThread2" daemon [_thread_in_native, id=3828, stack(0x0000006862000000,0x0000006862100000)]

Other Threads:
  0x00000204257a3000 VMThread "VM Thread" [stack: 0x000000685e900000,0x000000685ea00000] [id=10132]
  0x00000204259a3000 WatcherThread [stack: 0x000000685f300000,0x000000685f400000] [id=772]
  0x000002040a695800 GCTaskThread "GC Thread#0" [stack: 0x000000685e400000,0x000000685e500000] [id=11820]
  0x00000204262b6800 GCTaskThread "GC Thread#1" [stack: 0x000000685f600000,0x000000685f700000] [id=12304]
  0x00000204262b7800 GCTaskThread "GC Thread#2" [stack: 0x000000685f700000,0x000000685f800000] [id=11084]
  0x0000020425d57000 GCTaskThread "GC Thread#3" [stack: 0x000000685f800000,0x000000685f900000] [id=12896]
  0x0000020425d58000 GCTaskThread "GC Thread#4" [stack: 0x000000685f900000,0x000000685fa00000] [id=2188]
  0x0000020425d58800 GCTaskThread "GC Thread#5" [stack: 0x000000685fa00000,0x000000685fb00000] [id=4704]
  0x00000204277d2800 GCTaskThread "GC Thread#6" [stack: 0x0000006860600000,0x0000006860700000] [id=8692]
  0x00000204277d3800 GCTaskThread "GC Thread#7" [stack: 0x0000006860700000,0x0000006860800000] [id=7416]
  0x0000020427ff5800 GCTaskThread "GC Thread#8" [stack: 0x0000006860800000,0x0000006860900000] [id=14096]
  0x0000020427ff6000 GCTaskThread "GC Thread#9" [stack: 0x0000006860900000,0x0000006860a00000] [id=6536]
  0x000002040a6c7800 ConcurrentGCThread "G1 Main Marker" [stack: 0x000000685e500000,0x000000685e600000] [id=11248]
  0x000002040a6c9000 ConcurrentGCThread "G1 Conc#0" [stack: 0x000000685e600000,0x000000685e700000] [id=756]
  0x00000204271b6800 ConcurrentGCThread "G1 Conc#1" [stack: 0x0000006860a00000,0x0000006860b00000] [id=12168]
  0x00000204279a9000 ConcurrentGCThread "G1 Conc#2" [stack: 0x0000006860b00000,0x0000006860c00000] [id=11900]
  0x000002040a75e000 ConcurrentGCThread "G1 Refine#0" [stack: 0x000000685e700000,0x000000685e800000] [id=9504]
  0x0000020424dee800 ConcurrentGCThread "G1 Young RemSet Sampling" [stack: 0x000000685e800000,0x000000685e900000] [id=11020]

Threads with active compile tasks:
C2 CompilerThread0   7664 5942 %     4       org.objectweb.asm.ClassReader::readCode @ 92 (5109 bytes)
C2 CompilerThread1   7664 5935 %     4       org.objectweb.asm.ClassReader::accept @ 97 (1404 bytes)
C2 CompilerThread2   7664 5936       4       org.gradle.internal.classpath.InstrumentingClasspathFileTransformer$$Lambda$420/0x00000001005cb040::visit (13 bytes)

VM state:not at safepoint (normal execution)

VM Mutex/Monitor currently owned by a thread: None

Heap address: 0x0000000080000000, size: 2048 MB, Compressed Oops mode: 32-bit
Narrow klass base: 0x0000000000000000, Narrow klass shift: 3
Compressed class space size: 1073741824 Address: 0x0000000100000000

Heap:
 garbage-first heap   total 262144K, used 184958K [0x0000000080000000, 0x0000000100000000)
  region size 1024K, 135 young (138240K), 7 survivors (7168K)
 Metaspace       used 48001K, capacity 49259K, committed 49408K, reserved 1091584K
  class space    used 6172K, capacity 6636K, committed 6656K, reserved 1048576K
Heap Regions: E=young(eden), S=young(survivor), O=old, HS=humongous(starts), HC=humongous(continues), CS=collection set, F=free, A=archive, TAMS=top-at-mark-start (previous, next)
|   0|0x0000000080000000, 0x0000000080100000, 0x0000000080100000|100%| O|  |TAMS 0x0000000080100000, 0x0000000080000000| Untracked 
|   1|0x0000000080100000, 0x0000000080200000, 0x0000000080200000|100%| O|  |TAMS 0x0000000080200000, 0x0000000080100000| Untracked 
|   2|0x0000000080200000, 0x0000000080300000, 0x0000000080300000|100%| O|  |TAMS 0x0000000080300000, 0x0000000080200000| Untracked 
|   3|0x0000000080300000, 0x0000000080400000, 0x0000000080400000|100%|HS|  |TAMS 0x0000000080400000, 0x0000000080300000| Complete 
|   4|0x0000000080400000, 0x0000000080500000, 0x0000000080500000|100%|HC|  |TAMS 0x0000000080500000, 0x0000000080400000| Complete 
|   5|0x0000000080500000, 0x0000000080600000, 0x0000000080600000|100%|HC|  |TAMS 0x0000000080600000, 0x0000000080500000| Complete 
|   6|0x0000000080600000, 0x0000000080700000, 0x0000000080700000|100%| O|  |TAMS 0x0000000080700000, 0x0000000080600000| Untracked 
|   7|0x0000000080700000, 0x0000000080800000, 0x0000000080800000|100%| O|  |TAMS 0x0000000080800000, 0x0000000080700000| Untracked 
|   8|0x0000000080800000, 0x0000000080900000, 0x0000000080900000|100%| O|  |TAMS 0x0000000080900000, 0x0000000080800000| Untracked 
|   9|0x0000000080900000, 0x0000000080a00000, 0x0000000080a00000|100%| O|  |TAMS 0x0000000080a00000, 0x0000000080900000| Untracked 
|  10|0x0000000080a00000, 0x0000000080b00000, 0x0000000080b00000|100%| O|  |TAMS 0x0000000080b00000, 0x0000000080a00000| Untracked 
|  11|0x0000000080b00000, 0x0000000080c00000, 0x0000000080c00000|100%| O|  |TAMS 0x0000000080c00000, 0x0000000080b00000| Untracked 
|  12|0x0000000080c00000, 0x0000000080d00000, 0x0000000080d00000|100%| O|  |TAMS 0x0000000080d00000, 0x0000000080c00000| Untracked 
|  13|0x0000000080d00000, 0x0000000080e00000, 0x0000000080e00000|100%| O|  |TAMS 0x0000000080e00000, 0x0000000080d00000| Untracked 
|  14|0x0000000080e00000, 0x0000000080f00000, 0x0000000080f00000|100%| O|  |TAMS 0x0000000080f00000, 0x0000000080e00000| Untracked 
|  15|0x0000000080f00000, 0x0000000081000000, 0x0000000081000000|100%| O|  |TAMS 0x0000000081000000, 0x0000000080f00000| Untracked 
|  16|0x0000000081000000, 0x0000000081100000, 0x0000000081100000|100%| O|  |TAMS 0x000000008101ca00, 0x0000000081000000| Untracked 
|  17|0x0000000081100000, 0x0000000081200000, 0x0000000081200000|100%|HS|  |TAMS 0x0000000081200000, 0x0000000081100000| Complete 
|  18|0x0000000081200000, 0x0000000081300000, 0x0000000081300000|100%|HC|  |TAMS 0x0000000081300000, 0x0000000081200000| Complete 
|  19|0x0000000081300000, 0x0000000081400000, 0x0000000081400000|100%|HS|  |TAMS 0x0000000081400000, 0x0000000081300000| Complete 
|  20|0x0000000081400000, 0x0000000081500000, 0x0000000081500000|100%|HC|  |TAMS 0x0000000081500000, 0x0000000081400000| Complete 
|  21|0x0000000081500000, 0x0000000081600000, 0x0000000081600000|100%|HC|  |TAMS 0x0000000081600000, 0x0000000081500000| Complete 
|  22|0x0000000081600000, 0x0000000081700000, 0x0000000081700000|100%|HS|  |TAMS 0x0000000081700000, 0x0000000081600000| Complete 
|  23|0x0000000081700000, 0x0000000081800000, 0x0000000081800000|100%|HC|  |TAMS 0x0000000081800000, 0x0000000081700000| Complete 
|  24|0x0000000081800000, 0x0000000081900000, 0x0000000081900000|100%|HC|  |TAMS 0x0000000081900000, 0x0000000081800000| Complete 
|  25|0x0000000081900000, 0x0000000081a00000, 0x0000000081a00000|100%|HC|  |TAMS 0x0000000081a00000, 0x0000000081900000| Complete 
|  26|0x0000000081a00000, 0x0000000081b00000, 0x0000000081b00000|100%|HC|  |TAMS 0x0000000081b00000, 0x0000000081a00000| Complete 
|  27|0x0000000081b00000, 0x0000000081c00000, 0x0000000081c00000|100%| O|  |TAMS 0x0000000081b00000, 0x0000000081b00000| Untracked 
|  28|0x0000000081c00000, 0x0000000081d00000, 0x0000000081d00000|100%| O|  |TAMS 0x0000000081c00000, 0x0000000081c00000| Untracked 
|  29|0x0000000081d00000, 0x0000000081e00000, 0x0000000081e00000|100%| O|  |TAMS 0x0000000081d00000, 0x0000000081d00000| Untracked 
|  30|0x0000000081e00000, 0x0000000081f00000, 0x0000000081f00000|100%| O|  |TAMS 0x0000000081e00000, 0x0000000081e00000| Untracked 
|  31|0x0000000081f00000, 0x0000000082000000, 0x0000000082000000|100%| O|  |TAMS 0x0000000081f00000, 0x0000000081f00000| Untracked 
|  32|0x0000000082000000, 0x0000000082100000, 0x0000000082100000|100%| O|  |TAMS 0x0000000082000000, 0x0000000082000000| Untracked 
|  33|0x0000000082100000, 0x0000000082200000, 0x0000000082200000|100%| O|  |TAMS 0x0000000082100000, 0x0000000082100000| Untracked 
|  34|0x0000000082200000, 0x0000000082300000, 0x0000000082300000|100%| O|  |TAMS 0x0000000082200000, 0x0000000082200000| Untracked 
|  35|0x0000000082300000, 0x0000000082400000, 0x0000000082400000|100%|HS|  |TAMS 0x0000000082300000, 0x0000000082300000| Complete 
|  36|0x0000000082400000, 0x0000000082500000, 0x0000000082500000|100%|HC|  |TAMS 0x0000000082400000, 0x0000000082400000| Complete 
|  37|0x0000000082500000, 0x0000000082600000, 0x0000000082600000|100%|HC|  |TAMS 0x0000000082500000, 0x0000000082500000| Complete 
|  38|0x0000000082600000, 0x0000000082700000, 0x0000000082700000|100%|HC|  |TAMS 0x0000000082600000, 0x0000000082600000| Complete 
|  39|0x0000000082700000, 0x0000000082800000, 0x0000000082800000|100%|HC|  |TAMS 0x0000000082700000, 0x0000000082700000| Complete 
|  40|0x0000000082800000, 0x0000000082900000, 0x0000000082900000|100%| O|  |TAMS 0x0000000082800000, 0x0000000082800000| Untracked 
|  41|0x0000000082900000, 0x0000000082a00000, 0x0000000082a00000|100%| O|  |TAMS 0x0000000082900000, 0x0000000082900000| Untracked 
|  42|0x0000000082a00000, 0x0000000082b00000, 0x0000000082b00000|100%| O|  |TAMS 0x0000000082a00000, 0x0000000082a00000| Untracked 
|  43|0x0000000082b00000, 0x0000000082c00000, 0x0000000082c00000|100%| O|  |TAMS 0x0000000082b00000, 0x0000000082b00000| Untracked 
|  44|0x0000000082c00000, 0x0000000082ce4000, 0x0000000082d00000| 89%| O|  |TAMS 0x0000000082c00000, 0x0000000082c00000| Untracked 
|  45|0x0000000082d00000, 0x0000000082d00000, 0x0000000082e00000|  0%| F|  |TAMS 0x0000000082d00000, 0x0000000082d00000| Untracked 
|  46|0x0000000082e00000, 0x0000000082e00000, 0x0000000082f00000|  0%| F|  |TAMS 0x0000000082e00000, 0x0000000082e00000| Untracked 
|  47|0x0000000082f00000, 0x0000000082f00000, 0x0000000083000000|  0%| F|  |TAMS 0x0000000082f00000, 0x0000000082f00000| Untracked 
|  48|0x0000000083000000, 0x0000000083100000, 0x0000000083100000|100%|HS|  |TAMS 0x0000000083000000, 0x0000000083000000| Complete 
|  49|0x0000000083100000, 0x0000000083200000, 0x0000000083200000|100%|HC|  |TAMS 0x0000000083100000, 0x0000000083100000| Complete 
|  50|0x0000000083200000, 0x0000000083300000, 0x0000000083300000|100%|HC|  |TAMS 0x0000000083200000, 0x0000000083200000| Complete 
|  51|0x0000000083300000, 0x0000000083300000, 0x0000000083400000|  0%| F|  |TAMS 0x0000000083300000, 0x0000000083300000| Untracked 
|  52|0x0000000083400000, 0x0000000083400000, 0x0000000083500000|  0%| F|  |TAMS 0x0000000083400000, 0x0000000083400000| Untracked 
|  53|0x0000000083500000, 0x0000000083500000, 0x0000000083600000|  0%| F|  |TAMS 0x0000000083500000, 0x0000000083500000| Untracked 
|  54|0x0000000083600000, 0x0000000083600000, 0x0000000083700000|  0%| F|  |TAMS 0x0000000083600000, 0x0000000083600000| Untracked 
|  55|0x0000000083700000, 0x0000000083700000, 0x0000000083800000|  0%| F|  |TAMS 0x0000000083700000, 0x0000000083700000| Untracked 
|  56|0x0000000083800000, 0x0000000083800000, 0x0000000083900000|  0%| F|  |TAMS 0x0000000083800000, 0x0000000083800000| Untracked 
|  57|0x0000000083900000, 0x0000000083900000, 0x0000000083a00000|  0%| F|  |TAMS 0x0000000083900000, 0x0000000083900000| Untracked 
|  58|0x0000000083a00000, 0x0000000083a00000, 0x0000000083b00000|  0%| F|  |TAMS 0x0000000083a00000, 0x0000000083a00000| Untracked 
|  59|0x0000000083b00000, 0x0000000083b00000, 0x0000000083c00000|  0%| F|  |TAMS 0x0000000083b00000, 0x0000000083b00000| Untracked 
|  60|0x0000000083c00000, 0x0000000083c00000, 0x0000000083d00000|  0%| F|  |TAMS 0x0000000083c00000, 0x0000000083c00000| Untracked 
|  61|0x0000000083d00000, 0x0000000083d00000, 0x0000000083e00000|  0%| F|  |TAMS 0x0000000083d00000, 0x0000000083d00000| Untracked 
|  62|0x0000000083e00000, 0x0000000083e00000, 0x0000000083f00000|  0%| F|  |TAMS 0x0000000083e00000, 0x0000000083e00000| Untracked 
|  63|0x0000000083f00000, 0x0000000083f00000, 0x0000000084000000|  0%| F|  |TAMS 0x0000000083f00000, 0x0000000083f00000| Untracked 
|  64|0x0000000084000000, 0x0000000084000000, 0x0000000084100000|  0%| F|  |TAMS 0x0000000084000000, 0x0000000084000000| Untracked 
|  65|0x0000000084100000, 0x0000000084100000, 0x0000000084200000|  0%| F|  |TAMS 0x0000000084100000, 0x0000000084100000| Untracked 
|  66|0x0000000084200000, 0x0000000084200000, 0x0000000084300000|  0%| F|  |TAMS 0x0000000084200000, 0x0000000084200000| Untracked 
|  67|0x0000000084300000, 0x0000000084300000, 0x0000000084400000|  0%| F|  |TAMS 0x0000000084300000, 0x0000000084300000| Untracked 
|  68|0x0000000084400000, 0x0000000084400000, 0x0000000084500000|  0%| F|  |TAMS 0x0000000084400000, 0x0000000084400000| Untracked 
|  69|0x0000000084500000, 0x0000000084500000, 0x0000000084600000|  0%| F|  |TAMS 0x0000000084500000, 0x0000000084500000| Untracked 
|  70|0x0000000084600000, 0x0000000084600000, 0x0000000084700000|  0%| F|  |TAMS 0x0000000084600000, 0x0000000084600000| Untracked 
|  71|0x0000000084700000, 0x0000000084700000, 0x0000000084800000|  0%| F|  |TAMS 0x0000000084700000, 0x0000000084700000| Untracked 
|  72|0x0000000084800000, 0x0000000084800000, 0x0000000084900000|  0%| F|  |TAMS 0x0000000084800000, 0x0000000084800000| Untracked 
|  73|0x0000000084900000, 0x0000000084900000, 0x0000000084a00000|  0%| F|  |TAMS 0x0000000084900000, 0x0000000084900000| Untracked 
|  74|0x0000000084a00000, 0x0000000084a00000, 0x0000000084b00000|  0%| F|  |TAMS 0x0000000084a00000, 0x0000000084a00000| Untracked 
|  75|0x0000000084b00000, 0x0000000084b00000, 0x0000000084c00000|  0%| F|  |TAMS 0x0000000084b00000, 0x0000000084b00000| Untracked 
|  76|0x0000000084c00000, 0x0000000084c00000, 0x0000000084d00000|  0%| F|  |TAMS 0x0000000084c00000, 0x0000000084c00000| Untracked 
|  77|0x0000000084d00000, 0x0000000084d00000, 0x0000000084e00000|  0%| F|  |TAMS 0x0000000084d00000, 0x0000000084d00000| Untracked 
|  78|0x0000000084e00000, 0x0000000084e00000, 0x0000000084f00000|  0%| F|  |TAMS 0x0000000084e00000, 0x0000000084e00000| Untracked 
|  79|0x0000000084f00000, 0x0000000084f00000, 0x0000000085000000|  0%| F|  |TAMS 0x0000000084f00000, 0x0000000084f00000| Untracked 
|  80|0x0000000085000000, 0x0000000085000000, 0x0000000085100000|  0%| F|  |TAMS 0x0000000085000000, 0x0000000085000000| Untracked 
|  81|0x0000000085100000, 0x0000000085100000, 0x0000000085200000|  0%| F|  |TAMS 0x0000000085100000, 0x0000000085100000| Untracked 
|  82|0x0000000085200000, 0x0000000085200000, 0x0000000085300000|  0%| F|  |TAMS 0x0000000085200000, 0x0000000085200000| Untracked 
|  83|0x0000000085300000, 0x0000000085300000, 0x0000000085400000|  0%| F|  |TAMS 0x0000000085300000, 0x0000000085300000| Untracked 
|  84|0x0000000085400000, 0x0000000085400000, 0x0000000085500000|  0%| F|  |TAMS 0x0000000085400000, 0x0000000085400000| Untracked 
|  85|0x0000000085500000, 0x0000000085500000, 0x0000000085600000|  0%| F|  |TAMS 0x0000000085500000, 0x0000000085500000| Untracked 
|  86|0x0000000085600000, 0x0000000085600000, 0x0000000085700000|  0%| F|  |TAMS 0x0000000085600000, 0x0000000085600000| Untracked 
|  87|0x0000000085700000, 0x0000000085700000, 0x0000000085800000|  0%| F|  |TAMS 0x0000000085700000, 0x0000000085700000| Untracked 
|  88|0x0000000085800000, 0x0000000085800000, 0x0000000085900000|  0%| F|  |TAMS 0x0000000085800000, 0x0000000085800000| Untracked 
|  89|0x0000000085900000, 0x0000000085900000, 0x0000000085a00000|  0%| F|  |TAMS 0x0000000085900000, 0x0000000085900000| Untracked 
|  90|0x0000000085a00000, 0x0000000085a00000, 0x0000000085b00000|  0%| F|  |TAMS 0x0000000085a00000, 0x0000000085a00000| Untracked 
|  91|0x0000000085b00000, 0x0000000085b00000, 0x0000000085c00000|  0%| F|  |TAMS 0x0000000085b00000, 0x0000000085b00000| Untracked 
|  92|0x0000000085c00000, 0x0000000085c00000, 0x0000000085d00000|  0%| F|  |TAMS 0x0000000085c00000, 0x0000000085c00000| Untracked 
|  93|0x0000000085d00000, 0x0000000085d00000, 0x0000000085e00000|  0%| F|  |TAMS 0x0000000085d00000, 0x0000000085d00000| Untracked 
|  94|0x0000000085e00000, 0x0000000085e00000, 0x0000000085f00000|  0%| F|  |TAMS 0x0000000085e00000, 0x0000000085e00000| Untracked 
|  95|0x0000000085f00000, 0x0000000085f00000, 0x0000000086000000|  0%| F|  |TAMS 0x0000000085f00000, 0x0000000085f00000| Untracked 
|  96|0x0000000086000000, 0x0000000086000000, 0x0000000086100000|  0%| F|  |TAMS 0x0000000086000000, 0x0000000086000000| Untracked 
|  97|0x0000000086100000, 0x0000000086100000, 0x0000000086200000|  0%| F|  |TAMS 0x0000000086100000, 0x0000000086100000| Untracked 
|  98|0x0000000086200000, 0x0000000086200000, 0x0000000086300000|  0%| F|  |TAMS 0x0000000086200000, 0x0000000086200000| Untracked 
|  99|0x0000000086300000, 0x0000000086300000, 0x0000000086400000|  0%| F|  |TAMS 0x0000000086300000, 0x0000000086300000| Untracked 
| 100|0x0000000086400000, 0x0000000086400000, 0x0000000086500000|  0%| F|  |TAMS 0x0000000086400000, 0x0000000086400000| Untracked 
| 101|0x0000000086500000, 0x0000000086500000, 0x0000000086600000|  0%| F|  |TAMS 0x0000000086500000, 0x0000000086500000| Untracked 
| 102|0x0000000086600000, 0x0000000086600000, 0x0000000086700000|  0%| F|  |TAMS 0x0000000086600000, 0x0000000086600000| Untracked 
| 103|0x0000000086700000, 0x00000000867bba50, 0x0000000086800000| 73%| S|CS|TAMS 0x0000000086700000, 0x0000000086700000| Complete 
| 104|0x0000000086800000, 0x0000000086900000, 0x0000000086900000|100%| S|CS|TAMS 0x0000000086800000, 0x0000000086800000| Complete 
| 105|0x0000000086900000, 0x0000000086a00000, 0x0000000086a00000|100%| S|CS|TAMS 0x0000000086900000, 0x0000000086900000| Complete 
| 106|0x0000000086a00000, 0x0000000086b00000, 0x0000000086b00000|100%| S|CS|TAMS 0x0000000086a00000, 0x0000000086a00000| Complete 
| 107|0x0000000086b00000, 0x0000000086c00000, 0x0000000086c00000|100%| S|CS|TAMS 0x0000000086b00000, 0x0000000086b00000| Complete 
| 108|0x0000000086c00000, 0x0000000086d00000, 0x0000000086d00000|100%| S|CS|TAMS 0x0000000086c00000, 0x0000000086c00000| Complete 
| 109|0x0000000086d00000, 0x0000000086e00000, 0x0000000086e00000|100%| S|CS|TAMS 0x0000000086d00000, 0x0000000086d00000| Complete 
| 110|0x0000000086e00000, 0x0000000086e00000, 0x0000000086f00000|  0%| F|  |TAMS 0x0000000086e00000, 0x0000000086e00000| Untracked 
| 111|0x0000000086f00000, 0x0000000086f00000, 0x0000000087000000|  0%| F|  |TAMS 0x0000000086f00000, 0x0000000086f00000| Untracked 
| 112|0x0000000087000000, 0x0000000087000000, 0x0000000087100000|  0%| F|  |TAMS 0x0000000087000000, 0x0000000087000000| Untracked 
| 113|0x0000000087100000, 0x0000000087100000, 0x0000000087200000|  0%| F|  |TAMS 0x0000000087100000, 0x0000000087100000| Untracked 
| 114|0x0000000087200000, 0x0000000087200000, 0x0000000087300000|  0%| F|  |TAMS 0x0000000087200000, 0x0000000087200000| Untracked 
| 115|0x0000000087300000, 0x0000000087300000, 0x0000000087400000|  0%| F|  |TAMS 0x0000000087300000, 0x0000000087300000| Untracked 
| 116|0x0000000087400000, 0x0000000087400000, 0x0000000087500000|  0%| F|  |TAMS 0x0000000087400000, 0x0000000087400000| Untracked 
| 117|0x0000000087500000, 0x0000000087500000, 0x0000000087600000|  0%| F|  |TAMS 0x0000000087500000, 0x0000000087500000| Untracked 
| 118|0x0000000087600000, 0x0000000087600000, 0x0000000087700000|  0%| F|  |TAMS 0x0000000087600000, 0x0000000087600000| Untracked 
| 119|0x0000000087700000, 0x0000000087700000, 0x0000000087800000|  0%| F|  |TAMS 0x0000000087700000, 0x0000000087700000| Untracked 
| 120|0x0000000087800000, 0x0000000087800000, 0x0000000087900000|  0%| F|  |TAMS 0x0000000087800000, 0x0000000087800000| Untracked 
| 121|0x0000000087900000, 0x0000000087900000, 0x0000000087a00000|  0%| F|  |TAMS 0x0000000087900000, 0x0000000087900000| Untracked 
| 122|0x0000000087a00000, 0x0000000087b00000, 0x0000000087b00000|100%| E|  |TAMS 0x0000000087a00000, 0x0000000087a00000| Complete 
| 123|0x0000000087b00000, 0x0000000087c00000, 0x0000000087c00000|100%| E|CS|TAMS 0x0000000087b00000, 0x0000000087b00000| Complete 
| 124|0x0000000087c00000, 0x0000000087d00000, 0x0000000087d00000|100%| E|CS|TAMS 0x0000000087c00000, 0x0000000087c00000| Complete 
| 125|0x0000000087d00000, 0x0000000087e00000, 0x0000000087e00000|100%| E|CS|TAMS 0x0000000087d00000, 0x0000000087d00000| Complete 
| 126|0x0000000087e00000, 0x0000000087f00000, 0x0000000087f00000|100%| E|CS|TAMS 0x0000000087e00000, 0x0000000087e00000| Complete 
| 127|0x0000000087f00000, 0x0000000088000000, 0x0000000088000000|100%| E|CS|TAMS 0x0000000087f00000, 0x0000000087f00000| Complete 
| 128|0x0000000088000000, 0x0000000088100000, 0x0000000088100000|100%| E|CS|TAMS 0x0000000088000000, 0x0000000088000000| Complete 
| 129|0x0000000088100000, 0x0000000088200000, 0x0000000088200000|100%| E|CS|TAMS 0x0000000088100000, 0x0000000088100000| Complete 
| 130|0x0000000088200000, 0x0000000088300000, 0x0000000088300000|100%| E|CS|TAMS 0x0000000088200000, 0x0000000088200000| Complete 
| 131|0x0000000088300000, 0x0000000088400000, 0x0000000088400000|100%| E|CS|TAMS 0x0000000088300000, 0x0000000088300000| Complete 
| 132|0x0000000088400000, 0x0000000088500000, 0x0000000088500000|100%| E|CS|TAMS 0x0000000088400000, 0x0000000088400000| Complete 
| 133|0x0000000088500000, 0x0000000088600000, 0x0000000088600000|100%| E|CS|TAMS 0x0000000088500000, 0x0000000088500000| Complete 
| 134|0x0000000088600000, 0x0000000088700000, 0x0000000088700000|100%| E|CS|TAMS 0x0000000088600000, 0x0000000088600000| Complete 
| 135|0x0000000088700000, 0x0000000088800000, 0x0000000088800000|100%| E|CS|TAMS 0x0000000088700000, 0x0000000088700000| Complete 
| 136|0x0000000088800000, 0x0000000088900000, 0x0000000088900000|100%| E|CS|TAMS 0x0000000088800000, 0x0000000088800000| Complete 
| 137|0x0000000088900000, 0x0000000088a00000, 0x0000000088a00000|100%| E|CS|TAMS 0x0000000088900000, 0x0000000088900000| Complete 
| 138|0x0000000088a00000, 0x0000000088b00000, 0x0000000088b00000|100%| E|CS|TAMS 0x0000000088a00000, 0x0000000088a00000| Complete 
| 139|0x0000000088b00000, 0x0000000088c00000, 0x0000000088c00000|100%| E|CS|TAMS 0x0000000088b00000, 0x0000000088b00000| Complete 
| 140|0x0000000088c00000, 0x0000000088d00000, 0x0000000088d00000|100%| E|CS|TAMS 0x0000000088c00000, 0x0000000088c00000| Complete 
| 141|0x0000000088d00000, 0x0000000088e00000, 0x0000000088e00000|100%| E|CS|TAMS 0x0000000088d00000, 0x0000000088d00000| Complete 
| 142|0x0000000088e00000, 0x0000000088f00000, 0x0000000088f00000|100%| E|CS|TAMS 0x0000000088e00000, 0x0000000088e00000| Complete 
| 143|0x0000000088f00000, 0x0000000089000000, 0x0000000089000000|100%| E|CS|TAMS 0x0000000088f00000, 0x0000000088f00000| Complete 
| 144|0x0000000089000000, 0x0000000089100000, 0x0000000089100000|100%| E|CS|TAMS 0x0000000089000000, 0x0000000089000000| Complete 
| 145|0x0000000089100000, 0x0000000089200000, 0x0000000089200000|100%| E|CS|TAMS 0x0000000089100000, 0x0000000089100000| Complete 
| 146|0x0000000089200000, 0x0000000089300000, 0x0000000089300000|100%| E|CS|TAMS 0x0000000089200000, 0x0000000089200000| Complete 
| 147|0x0000000089300000, 0x0000000089400000, 0x0000000089400000|100%| E|CS|TAMS 0x0000000089300000, 0x0000000089300000| Complete 
| 148|0x0000000089400000, 0x0000000089500000, 0x0000000089500000|100%| E|CS|TAMS 0x0000000089400000, 0x0000000089400000| Complete 
| 149|0x0000000089500000, 0x0000000089600000, 0x0000000089600000|100%| E|CS|TAMS 0x0000000089500000, 0x0000000089500000| Complete 
| 150|0x0000000089600000, 0x0000000089700000, 0x0000000089700000|100%| E|CS|TAMS 0x0000000089600000, 0x0000000089600000| Complete 
| 151|0x0000000089700000, 0x0000000089800000, 0x0000000089800000|100%| E|CS|TAMS 0x0000000089700000, 0x0000000089700000| Complete 
| 152|0x0000000089800000, 0x0000000089900000, 0x0000000089900000|100%| E|CS|TAMS 0x0000000089800000, 0x0000000089800000| Complete 
| 153|0x0000000089900000, 0x0000000089a00000, 0x0000000089a00000|100%| E|CS|TAMS 0x0000000089900000, 0x0000000089900000| Complete 
| 154|0x0000000089a00000, 0x0000000089b00000, 0x0000000089b00000|100%| E|CS|TAMS 0x0000000089a00000, 0x0000000089a00000| Complete 
| 155|0x0000000089b00000, 0x0000000089c00000, 0x0000000089c00000|100%| E|CS|TAMS 0x0000000089b00000, 0x0000000089b00000| Complete 
| 156|0x0000000089c00000, 0x0000000089d00000, 0x0000000089d00000|100%| E|CS|TAMS 0x0000000089c00000, 0x0000000089c00000| Complete 
| 157|0x0000000089d00000, 0x0000000089e00000, 0x0000000089e00000|100%| E|CS|TAMS 0x0000000089d00000, 0x0000000089d00000| Complete 
| 158|0x0000000089e00000, 0x0000000089f00000, 0x0000000089f00000|100%| E|CS|TAMS 0x0000000089e00000, 0x0000000089e00000| Complete 
| 159|0x0000000089f00000, 0x000000008a000000, 0x000000008a000000|100%| E|CS|TAMS 0x0000000089f00000, 0x0000000089f00000| Complete 
| 160|0x000000008a000000, 0x000000008a100000, 0x000000008a100000|100%| E|CS|TAMS 0x000000008a000000, 0x000000008a000000| Complete 
| 161|0x000000008a100000, 0x000000008a200000, 0x000000008a200000|100%| E|CS|TAMS 0x000000008a100000, 0x000000008a100000| Complete 
| 162|0x000000008a200000, 0x000000008a300000, 0x000000008a300000|100%| E|CS|TAMS 0x000000008a200000, 0x000000008a200000| Complete 
| 163|0x000000008a300000, 0x000000008a400000, 0x000000008a400000|100%| E|CS|TAMS 0x000000008a300000, 0x000000008a300000| Complete 
| 164|0x000000008a400000, 0x000000008a500000, 0x000000008a500000|100%| E|CS|TAMS 0x000000008a400000, 0x000000008a400000| Complete 
| 165|0x000000008a500000, 0x000000008a600000, 0x000000008a600000|100%| E|CS|TAMS 0x000000008a500000, 0x000000008a500000| Complete 
| 166|0x000000008a600000, 0x000000008a700000, 0x000000008a700000|100%| E|CS|TAMS 0x000000008a600000, 0x000000008a600000| Complete 
| 167|0x000000008a700000, 0x000000008a800000, 0x000000008a800000|100%| E|CS|TAMS 0x000000008a700000, 0x000000008a700000| Complete 
| 168|0x000000008a800000, 0x000000008a900000, 0x000000008a900000|100%| E|CS|TAMS 0x000000008a800000, 0x000000008a800000| Complete 
| 169|0x000000008a900000, 0x000000008aa00000, 0x000000008aa00000|100%| E|CS|TAMS 0x000000008a900000, 0x000000008a900000| Complete 
| 170|0x000000008aa00000, 0x000000008ab00000, 0x000000008ab00000|100%| E|CS|TAMS 0x000000008aa00000, 0x000000008aa00000| Complete 
| 171|0x000000008ab00000, 0x000000008ac00000, 0x000000008ac00000|100%| E|CS|TAMS 0x000000008ab00000, 0x000000008ab00000| Complete 
| 172|0x000000008ac00000, 0x000000008ad00000, 0x000000008ad00000|100%| E|CS|TAMS 0x000000008ac00000, 0x000000008ac00000| Complete 
| 173|0x000000008ad00000, 0x000000008ae00000, 0x000000008ae00000|100%| E|CS|TAMS 0x000000008ad00000, 0x000000008ad00000| Complete 
| 174|0x000000008ae00000, 0x000000008af00000, 0x000000008af00000|100%| E|CS|TAMS 0x000000008ae00000, 0x000000008ae00000| Complete 
| 175|0x000000008af00000, 0x000000008b000000, 0x000000008b000000|100%| E|CS|TAMS 0x000000008af00000, 0x000000008af00000| Complete 
| 176|0x000000008b000000, 0x000000008b100000, 0x000000008b100000|100%| E|CS|TAMS 0x000000008b000000, 0x000000008b000000| Complete 
| 177|0x000000008b100000, 0x000000008b200000, 0x000000008b200000|100%| E|CS|TAMS 0x000000008b100000, 0x000000008b100000| Complete 
| 178|0x000000008b200000, 0x000000008b300000, 0x000000008b300000|100%| E|CS|TAMS 0x000000008b200000, 0x000000008b200000| Complete 
| 179|0x000000008b300000, 0x000000008b400000, 0x000000008b400000|100%| E|CS|TAMS 0x000000008b300000, 0x000000008b300000| Complete 
| 180|0x000000008b400000, 0x000000008b500000, 0x000000008b500000|100%| E|CS|TAMS 0x000000008b400000, 0x000000008b400000| Complete 
| 181|0x000000008b500000, 0x000000008b600000, 0x000000008b600000|100%| E|CS|TAMS 0x000000008b500000, 0x000000008b500000| Complete 
| 182|0x000000008b600000, 0x000000008b700000, 0x000000008b700000|100%| E|CS|TAMS 0x000000008b600000, 0x000000008b600000| Complete 
| 183|0x000000008b700000, 0x000000008b800000, 0x000000008b800000|100%| E|CS|TAMS 0x000000008b700000, 0x000000008b700000| Complete 
| 184|0x000000008b800000, 0x000000008b900000, 0x000000008b900000|100%| E|CS|TAMS 0x000000008b800000, 0x000000008b800000| Complete 
| 185|0x000000008b900000, 0x000000008ba00000, 0x000000008ba00000|100%| E|CS|TAMS 0x000000008b900000, 0x000000008b900000| Complete 
| 186|0x000000008ba00000, 0x000000008bb00000, 0x000000008bb00000|100%| E|CS|TAMS 0x000000008ba00000, 0x000000008ba00000| Complete 
| 187|0x000000008bb00000, 0x000000008bc00000, 0x000000008bc00000|100%| E|CS|TAMS 0x000000008bb00000, 0x000000008bb00000| Complete 
| 188|0x000000008bc00000, 0x000000008bd00000, 0x000000008bd00000|100%| E|CS|TAMS 0x000000008bc00000, 0x000000008bc00000| Complete 
| 189|0x000000008bd00000, 0x000000008be00000, 0x000000008be00000|100%| E|CS|TAMS 0x000000008bd00000, 0x000000008bd00000| Complete 
| 190|0x000000008be00000, 0x000000008bf00000, 0x000000008bf00000|100%| E|CS|TAMS 0x000000008be00000, 0x000000008be00000| Complete 
| 191|0x000000008bf00000, 0x000000008c000000, 0x000000008c000000|100%| E|CS|TAMS 0x000000008bf00000, 0x000000008bf00000| Complete 
| 192|0x000000008c000000, 0x000000008c100000, 0x000000008c100000|100%| E|CS|TAMS 0x000000008c000000, 0x000000008c000000| Complete 
| 193|0x000000008c100000, 0x000000008c200000, 0x000000008c200000|100%| E|CS|TAMS 0x000000008c100000, 0x000000008c100000| Complete 
| 194|0x000000008c200000, 0x000000008c300000, 0x000000008c300000|100%| E|CS|TAMS 0x000000008c200000, 0x000000008c200000| Complete 
| 195|0x000000008c300000, 0x000000008c400000, 0x000000008c400000|100%| E|CS|TAMS 0x000000008c300000, 0x000000008c300000| Complete 
| 196|0x000000008c400000, 0x000000008c500000, 0x000000008c500000|100%| E|CS|TAMS 0x000000008c400000, 0x000000008c400000| Complete 
| 197|0x000000008c500000, 0x000000008c600000, 0x000000008c600000|100%| E|CS|TAMS 0x000000008c500000, 0x000000008c500000| Complete 
| 198|0x000000008c600000, 0x000000008c700000, 0x000000008c700000|100%| E|CS|TAMS 0x000000008c600000, 0x000000008c600000| Complete 
| 199|0x000000008c700000, 0x000000008c800000, 0x000000008c800000|100%| E|CS|TAMS 0x000000008c700000, 0x000000008c700000| Complete 
| 200|0x000000008c800000, 0x000000008c900000, 0x000000008c900000|100%| E|  |TAMS 0x000000008c800000, 0x000000008c800000| Complete 
| 201|0x000000008c900000, 0x000000008ca00000, 0x000000008ca00000|100%| E|CS|TAMS 0x000000008c900000, 0x000000008c900000| Complete 
| 202|0x000000008ca00000, 0x000000008cb00000, 0x000000008cb00000|100%| E|CS|TAMS 0x000000008ca00000, 0x000000008ca00000| Complete 
| 203|0x000000008cb00000, 0x000000008cc00000, 0x000000008cc00000|100%| E|CS|TAMS 0x000000008cb00000, 0x000000008cb00000| Complete 
| 204|0x000000008cc00000, 0x000000008cd00000, 0x000000008cd00000|100%| E|CS|TAMS 0x000000008cc00000, 0x000000008cc00000| Complete 
| 205|0x000000008cd00000, 0x000000008ce00000, 0x000000008ce00000|100%| E|CS|TAMS 0x000000008cd00000, 0x000000008cd00000| Complete 
| 206|0x000000008ce00000, 0x000000008cf00000, 0x000000008cf00000|100%| E|CS|TAMS 0x000000008ce00000, 0x000000008ce00000| Complete 
| 207|0x000000008cf00000, 0x000000008d000000, 0x000000008d000000|100%| E|CS|TAMS 0x000000008cf00000, 0x000000008cf00000| Complete 
| 208|0x000000008d000000, 0x000000008d100000, 0x000000008d100000|100%| E|CS|TAMS 0x000000008d000000, 0x000000008d000000| Complete 
| 209|0x000000008d100000, 0x000000008d200000, 0x000000008d200000|100%| E|CS|TAMS 0x000000008d100000, 0x000000008d100000| Complete 
| 210|0x000000008d200000, 0x000000008d300000, 0x000000008d300000|100%| E|CS|TAMS 0x000000008d200000, 0x000000008d200000| Complete 
| 211|0x000000008d300000, 0x000000008d400000, 0x000000008d400000|100%| E|CS|TAMS 0x000000008d300000, 0x000000008d300000| Complete 
| 212|0x000000008d400000, 0x000000008d500000, 0x000000008d500000|100%| E|CS|TAMS 0x000000008d400000, 0x000000008d400000| Complete 
| 213|0x000000008d500000, 0x000000008d600000, 0x000000008d600000|100%| E|CS|TAMS 0x000000008d500000, 0x000000008d500000| Complete 
| 214|0x000000008d600000, 0x000000008d700000, 0x000000008d700000|100%| E|CS|TAMS 0x000000008d600000, 0x000000008d600000| Complete 
| 215|0x000000008d700000, 0x000000008d800000, 0x000000008d800000|100%| E|CS|TAMS 0x000000008d700000, 0x000000008d700000| Complete 
| 216|0x000000008d800000, 0x000000008d900000, 0x000000008d900000|100%| E|CS|TAMS 0x000000008d800000, 0x000000008d800000| Complete 
| 217|0x000000008d900000, 0x000000008da00000, 0x000000008da00000|100%| E|CS|TAMS 0x000000008d900000, 0x000000008d900000| Complete 
| 218|0x000000008da00000, 0x000000008db00000, 0x000000008db00000|100%| E|CS|TAMS 0x000000008da00000, 0x000000008da00000| Complete 
| 219|0x000000008db00000, 0x000000008dc00000, 0x000000008dc00000|100%| E|CS|TAMS 0x000000008db00000, 0x000000008db00000| Complete 
| 220|0x000000008dc00000, 0x000000008dd00000, 0x000000008dd00000|100%| E|CS|TAMS 0x000000008dc00000, 0x000000008dc00000| Complete 
| 221|0x000000008dd00000, 0x000000008de00000, 0x000000008de00000|100%| E|CS|TAMS 0x000000008dd00000, 0x000000008dd00000| Complete 
| 222|0x000000008de00000, 0x000000008df00000, 0x000000008df00000|100%| E|CS|TAMS 0x000000008de00000, 0x000000008de00000| Complete 
| 223|0x000000008df00000, 0x000000008e000000, 0x000000008e000000|100%| E|CS|TAMS 0x000000008df00000, 0x000000008df00000| Complete 
| 224|0x000000008e000000, 0x000000008e100000, 0x000000008e100000|100%| E|CS|TAMS 0x000000008e000000, 0x000000008e000000| Complete 
| 225|0x000000008e100000, 0x000000008e200000, 0x000000008e200000|100%| E|CS|TAMS 0x000000008e100000, 0x000000008e100000| Complete 
| 226|0x000000008e200000, 0x000000008e300000, 0x000000008e300000|100%| E|CS|TAMS 0x000000008e200000, 0x000000008e200000| Complete 
| 227|0x000000008e300000, 0x000000008e400000, 0x000000008e400000|100%| E|CS|TAMS 0x000000008e300000, 0x000000008e300000| Complete 
| 228|0x000000008e400000, 0x000000008e500000, 0x000000008e500000|100%| E|CS|TAMS 0x000000008e400000, 0x000000008e400000| Complete 
| 229|0x000000008e500000, 0x000000008e600000, 0x000000008e600000|100%| E|CS|TAMS 0x000000008e500000, 0x000000008e500000| Complete 
| 230|0x000000008e600000, 0x000000008e700000, 0x000000008e700000|100%| E|CS|TAMS 0x000000008e600000, 0x000000008e600000| Complete 
| 231|0x000000008e700000, 0x000000008e800000, 0x000000008e800000|100%| E|CS|TAMS 0x000000008e700000, 0x000000008e700000| Complete 
| 232|0x000000008e800000, 0x000000008e900000, 0x000000008e900000|100%| E|CS|TAMS 0x000000008e800000, 0x000000008e800000| Complete 
| 233|0x000000008e900000, 0x000000008ea00000, 0x000000008ea00000|100%| E|CS|TAMS 0x000000008e900000, 0x000000008e900000| Complete 
| 234|0x000000008ea00000, 0x000000008eb00000, 0x000000008eb00000|100%| E|CS|TAMS 0x000000008ea00000, 0x000000008ea00000| Complete 
| 235|0x000000008eb00000, 0x000000008ec00000, 0x000000008ec00000|100%| E|CS|TAMS 0x000000008eb00000, 0x000000008eb00000| Complete 
| 236|0x000000008ec00000, 0x000000008ed00000, 0x000000008ed00000|100%| E|CS|TAMS 0x000000008ec00000, 0x000000008ec00000| Complete 
| 237|0x000000008ed00000, 0x000000008ee00000, 0x000000008ee00000|100%| E|CS|TAMS 0x000000008ed00000, 0x000000008ed00000| Complete 
| 238|0x000000008ee00000, 0x000000008ef00000, 0x000000008ef00000|100%| E|CS|TAMS 0x000000008ee00000, 0x000000008ee00000| Complete 
| 239|0x000000008ef00000, 0x000000008f000000, 0x000000008f000000|100%| E|CS|TAMS 0x000000008ef00000, 0x000000008ef00000| Complete 
| 240|0x000000008f000000, 0x000000008f100000, 0x000000008f100000|100%| E|CS|TAMS 0x000000008f000000, 0x000000008f000000| Complete 
| 241|0x000000008f100000, 0x000000008f200000, 0x000000008f200000|100%| E|CS|TAMS 0x000000008f100000, 0x000000008f100000| Complete 
| 242|0x000000008f200000, 0x000000008f300000, 0x000000008f300000|100%| E|CS|TAMS 0x000000008f200000, 0x000000008f200000| Complete 
| 243|0x000000008f300000, 0x000000008f400000, 0x000000008f400000|100%| E|CS|TAMS 0x000000008f300000, 0x000000008f300000| Complete 
| 244|0x000000008f400000, 0x000000008f500000, 0x000000008f500000|100%| E|CS|TAMS 0x000000008f400000, 0x000000008f400000| Complete 
| 245|0x000000008f500000, 0x000000008f600000, 0x000000008f600000|100%| E|CS|TAMS 0x000000008f500000, 0x000000008f500000| Complete 
| 246|0x000000008f600000, 0x000000008f700000, 0x000000008f700000|100%| E|CS|TAMS 0x000000008f600000, 0x000000008f600000| Complete 
| 247|0x000000008f700000, 0x000000008f800000, 0x000000008f800000|100%| E|CS|TAMS 0x000000008f700000, 0x000000008f700000| Complete 
| 248|0x000000008f800000, 0x000000008f900000, 0x000000008f900000|100%| E|CS|TAMS 0x000000008f800000, 0x000000008f800000| Complete 
| 249|0x000000008f900000, 0x000000008fa00000, 0x000000008fa00000|100%| E|CS|TAMS 0x000000008f900000, 0x000000008f900000| Complete 
| 250|0x000000008fa00000, 0x000000008fb00000, 0x000000008fb00000|100%| E|CS|TAMS 0x000000008fa00000, 0x000000008fa00000| Complete 
| 251|0x000000008fb00000, 0x000000008fc00000, 0x000000008fc00000|100%| E|CS|TAMS 0x000000008fb00000, 0x000000008fb00000| Complete 
| 252|0x000000008fc00000, 0x000000008fd00000, 0x000000008fd00000|100%| E|CS|TAMS 0x000000008fc00000, 0x000000008fc00000| Complete 
| 253|0x000000008fd00000, 0x000000008fe00000, 0x000000008fe00000|100%| E|CS|TAMS 0x000000008fd00000, 0x000000008fd00000| Complete 
| 254|0x000000008fe00000, 0x000000008ff00000, 0x000000008ff00000|100%| E|CS|TAMS 0x000000008fe00000, 0x000000008fe00000| Complete 
| 255|0x000000008ff00000, 0x0000000090000000, 0x0000000090000000|100%| E|CS|TAMS 0x000000008ff00000, 0x000000008ff00000| Complete 

Card table byte_map: [0x000002041dad0000,0x000002041ded0000] _byte_map_base: 0x000002041d6d0000

Marking Bits (Prev, Next): (CMBitMap*) 0x000002040a6beb58, (CMBitMap*) 0x000002040a6beb90
 Prev Bits: [0x000002041e2d0000, 0x00000204202d0000)
 Next Bits: [0x00000204202d0000, 0x00000204222d0000)

Polling page: 0x00000204084d0000

Metaspace:

Usage:
  Non-class:     41.62 MB capacity,    40.85 MB ( 98%) used,   668.84 KB (  2%) free+waste,   125.75 KB ( <1%) overhead. 
      Class:      6.48 MB capacity,     6.03 MB ( 93%) used,   402.46 KB (  6%) free+waste,    60.56 KB ( <1%) overhead. 
       Both:     48.10 MB capacity,    46.88 MB ( 97%) used,     1.05 MB (  2%) free+waste,   186.31 KB ( <1%) overhead. 

Virtual space:
  Non-class space:       42.00 MB reserved,      41.75 MB (>99%) committed 
      Class space:        1.00 GB reserved,       6.50 MB ( <1%) committed 
             Both:        1.04 GB reserved,      48.25 MB (  5%) committed 

Chunk freelists:
   Non-Class:  1.00 KB
       Class:  0 bytes
        Both:  1.00 KB

MaxMetaspaceSize: 17179869184.00 GB
CompressedClassSpaceSize: 1.00 GB

CodeHeap 'non-profiled nmethods': size=120000Kb used=5223Kb max_used=5223Kb free=114776Kb
 bounds [0x0000020415c40000, 0x0000020416160000, 0x000002041d170000]
CodeHeap 'profiled nmethods': size=120000Kb used=12607Kb max_used=12607Kb free=107392Kb
 bounds [0x000002040e710000, 0x000002040f360000, 0x0000020415c40000]
CodeHeap 'non-nmethods': size=5760Kb used=2221Kb max_used=2318Kb free=3539Kb
 bounds [0x000002040e170000, 0x000002040e3e0000, 0x000002040e710000]
 total_blobs=6658 nmethods=5865 adapters=704
 compilation: enabled
              stopped_count=0, restarted_count=0
 full_count=0

Compilation events (20 events):
Event: 7.280 Thread 0x0000020425814000 5940  s!   2       java.io.FileDescriptor::closeAll (163 bytes)
Event: 7.280 Thread 0x0000020425814000 nmethod 5940 0x000002040f35a010 code [0x000002040f35a260, 0x000002040f35a9e8]
Event: 7.315 Thread 0x0000020425811000 nmethod 5614 0x000002041612a590 code [0x000002041612ac00, 0x0000020416131208]
Event: 7.315 Thread 0x0000020425811000 5884       4       org.objectweb.asm.ClassReader::readMethod (1061 bytes)
Event: 7.442 Thread 0x0000020425814000 5946       2       org.objectweb.asm.SymbolTable::addConstantUtf8Reference (101 bytes)
Event: 7.442 Thread 0x0000020425814000 nmethod 5946 0x000002040f35ae90 code [0x000002040f35b0a0, 0x000002040f35b498]
Event: 7.476 Thread 0x0000020425811000 nmethod 5884 0x0000020416135010 code [0x0000020416135540, 0x000002041613b838]
Event: 7.476 Thread 0x0000020425811000 5942 %     4       org.objectweb.asm.ClassReader::readCode @ 92 (5109 bytes)
Event: 7.495 Thread 0x000002042b9c0800 nmethod 5689 0x0000020416140410 code [0x0000020416140aa0, 0x0000020416148200]
Event: 7.496 Thread 0x000002042b9c0800 5923       4       org.objectweb.asm.ClassReader::readField (667 bytes)
Event: 7.635 Thread 0x000002042b9c0800 nmethod 5923 0x000002041614b890 code [0x000002041614bd60, 0x0000020416153100]
Event: 7.635 Thread 0x000002042b9c0800 5902       4       org.objectweb.asm.Label::accept (65 bytes)
Event: 7.638 Thread 0x000002042b9c0800 nmethod 5902 0x0000020416157690 code [0x0000020416157860, 0x0000020416157c58]
Event: 7.638 Thread 0x000002042b9c0800 5891       4       org.objectweb.asm.ClassVisitor::visitField (24 bytes)
Event: 7.638 Thread 0x000002042b9c0800 nmethod 5891 0x0000020416158090 code [0x0000020416158220, 0x00000204161582d8]
Event: 7.638 Thread 0x000002042b9c0800 5876       4       org.objectweb.asm.MethodVisitor::visitLineNumber (17 bytes)
Event: 7.638 Thread 0x000002042b9c0800 nmethod 5876 0x0000020416158410 code [0x00000204161585a0, 0x0000020416158658]
Event: 7.638 Thread 0x000002042b9c0800 5829       4       org.objectweb.asm.MethodVisitor::visitLocalVariable (24 bytes)
Event: 7.639 Thread 0x000002042b9c0800 nmethod 5829 0x0000020416158710 code [0x00000204161588a0, 0x0000020416158958]
Event: 7.639 Thread 0x000002042b9c0800 5637       4       java.util.HashMap::get (23 bytes)

GC Heap History (20 events):
Event: 4.659 GC heap before
{Heap before GC invocations=9 (full 0):
 garbage-first heap   total 262144K, used 194745K [0x0000000080000000, 0x0000000100000000)
  region size 1024K, 153 young (156672K), 11 survivors (11264K)
 Metaspace       used 47083K, capacity 48287K, committed 48640K, reserved 1091584K
  class space    used 6077K, capacity 6534K, committed 6656K, reserved 1048576K
}
Event: 4.664 GC heap after
{Heap after GC invocations=10 (full 0):
 garbage-first heap   total 262144K, used 51600K [0x0000000080000000, 0x0000000100000000)
  region size 1024K, 13 young (13312K), 13 survivors (13312K)
 Metaspace       used 47083K, capacity 48287K, committed 48640K, reserved 1091584K
  class space    used 6077K, capacity 6534K, committed 6656K, reserved 1048576K
}
Event: 4.961 GC heap before
{Heap before GC invocations=10 (full 0):
 garbage-first heap   total 262144K, used 194960K [0x0000000080000000, 0x0000000100000000)
  region size 1024K, 153 young (156672K), 13 survivors (13312K)
 Metaspace       used 47086K, capacity 48288K, committed 48640K, reserved 1091584K
  class space    used 6077K, capacity 6534K, committed 6656K, reserved 1048576K
}
Event: 4.967 GC heap after
{Heap after GC invocations=11 (full 0):
 garbage-first heap   total 262144K, used 53463K [0x0000000080000000, 0x0000000100000000)
  region size 1024K, 8 young (8192K), 8 survivors (8192K)
 Metaspace       used 47086K, capacity 48288K, committed 48640K, reserved 1091584K
  class space    used 6077K, capacity 6534K, committed 6656K, reserved 1048576K
}
Event: 5.267 GC heap before
{Heap before GC invocations=11 (full 0):
 garbage-first heap   total 262144K, used 201943K [0x0000000080000000, 0x0000000100000000)
  region size 1024K, 153 young (156672K), 8 survivors (8192K)
 Metaspace       used 47092K, capacity 48288K, committed 48640K, reserved 1091584K
  class space    used 6077K, capacity 6534K, committed 6656K, reserved 1048576K
}
Event: 5.272 GC heap after
{Heap after GC invocations=12 (full 0):
 garbage-first heap   total 262144K, used 54879K [0x0000000080000000, 0x0000000100000000)
  region size 1024K, 9 young (9216K), 9 survivors (9216K)
 Metaspace       used 47092K, capacity 48288K, committed 48640K, reserved 1091584K
  class space    used 6077K, capacity 6534K, committed 6656K, reserved 1048576K
}
Event: 5.568 GC heap before
{Heap before GC invocations=12 (full 0):
 garbage-first heap   total 262144K, used 202335K [0x0000000080000000, 0x0000000100000000)
  region size 1024K, 153 young (156672K), 9 survivors (9216K)
 Metaspace       used 47092K, capacity 48288K, committed 48640K, reserved 1091584K
  class space    used 6077K, capacity 6534K, committed 6656K, reserved 1048576K
}
Event: 5.573 GC heap after
{Heap after GC invocations=13 (full 0):
 garbage-first heap   total 262144K, used 56710K [0x0000000080000000, 0x0000000100000000)
  region size 1024K, 11 young (11264K), 11 survivors (11264K)
 Metaspace       used 47092K, capacity 48288K, committed 48640K, reserved 1091584K
  class space    used 6077K, capacity 6534K, committed 6656K, reserved 1048576K
}
Event: 5.847 GC heap before
{Heap before GC invocations=13 (full 0):
 garbage-first heap   total 262144K, used 203142K [0x0000000080000000, 0x0000000100000000)
  region size 1024K, 153 young (156672K), 11 survivors (11264K)
 Metaspace       used 47094K, capacity 48288K, committed 48640K, reserved 1091584K
  class space    used 6077K, capacity 6534K, committed 6656K, reserved 1048576K
}
Event: 5.853 GC heap after
{Heap after GC invocations=14 (full 0):
 garbage-first heap   total 262144K, used 58710K [0x0000000080000000, 0x0000000100000000)
  region size 1024K, 13 young (13312K), 13 survivors (13312K)
 Metaspace       used 47094K, capacity 48288K, committed 48640K, reserved 1091584K
  class space    used 6077K, capacity 6534K, committed 6656K, reserved 1048576K
}
Event: 6.340 GC heap before
{Heap before GC invocations=14 (full 0):
 garbage-first heap   total 262144K, used 207190K [0x0000000080000000, 0x0000000100000000)
  region size 1024K, 153 young (156672K), 13 survivors (13312K)
 Metaspace       used 47252K, capacity 48451K, committed 48640K, reserved 1091584K
  class space    used 6095K, capacity 6545K, committed 6656K, reserved 1048576K
}
Event: 6.342 GC heap after
{Heap after GC invocations=15 (full 0):
 garbage-first heap   total 262144K, used 50064K [0x0000000080000000, 0x0000000100000000)
  region size 1024K, 4 young (4096K), 4 survivors (4096K)
 Metaspace       used 47252K, capacity 48451K, committed 48640K, reserved 1091584K
  class space    used 6095K, capacity 6545K, committed 6656K, reserved 1048576K
}
Event: 6.543 GC heap before
{Heap before GC invocations=15 (full 0):
 garbage-first heap   total 262144K, used 202640K [0x0000000080000000, 0x0000000100000000)
  region size 1024K, 153 young (156672K), 4 survivors (4096K)
 Metaspace       used 47281K, capacity 48518K, committed 48640K, reserved 1091584K
  class space    used 6099K, capacity 6546K, committed 6656K, reserved 1048576K
}
Event: 6.545 GC heap after
{Heap after GC invocations=16 (full 0):
 garbage-first heap   total 262144K, used 51907K [0x0000000080000000, 0x0000000100000000)
  region size 1024K, 6 young (6144K), 6 survivors (6144K)
 Metaspace       used 47281K, capacity 48518K, committed 48640K, reserved 1091584K
  class space    used 6099K, capacity 6546K, committed 6656K, reserved 1048576K
}
Event: 6.883 GC heap before
{Heap before GC invocations=16 (full 0):
 garbage-first heap   total 262144K, used 207555K [0x0000000080000000, 0x0000000100000000)
  region size 1024K, 153 young (156672K), 6 survivors (6144K)
 Metaspace       used 47685K, capacity 48907K, committed 49152K, reserved 1091584K
  class space    used 6139K, capacity 6588K, committed 6656K, reserved 1048576K
}
Event: 6.884 GC heap after
{Heap after GC invocations=17 (full 0):
 garbage-first heap   total 262144K, used 49220K [0x0000000080000000, 0x0000000100000000)
  region size 1024K, 4 young (4096K), 4 survivors (4096K)
 Metaspace       used 47685K, capacity 48907K, committed 49152K, reserved 1091584K
  class space    used 6139K, capacity 6588K, committed 6656K, reserved 1048576K
}
Event: 7.221 GC heap before
{Heap before GC invocations=17 (full 0):
 garbage-first heap   total 262144K, used 207940K [0x0000000080000000, 0x0000000100000000)
  region size 1024K, 153 young (156672K), 4 survivors (4096K)
 Metaspace       used 48000K, capacity 49259K, committed 49408K, reserved 1091584K
  class space    used 6172K, capacity 6636K, committed 6656K, reserved 1048576K
}
Event: 7.224 GC heap after
{Heap after GC invocations=18 (full 0):
 garbage-first heap   total 262144K, used 55842K [0x0000000080000000, 0x0000000100000000)
  region size 1024K, 7 young (7168K), 7 survivors (7168K)
 Metaspace       used 48000K, capacity 49259K, committed 49408K, reserved 1091584K
  class space    used 6172K, capacity 6636K, committed 6656K, reserved 1048576K
}
Event: 7.357 GC heap before
{Heap before GC invocations=18 (full 0):
 garbage-first heap   total 262144K, used 205346K [0x0000000080000000, 0x0000000100000000)
  region size 1024K, 153 young (156672K), 7 survivors (7168K)
 Metaspace       used 48001K, capacity 49259K, committed 49408K, reserved 1091584K
  class space    used 6172K, capacity 6636K, committed 6656K, reserved 1048576K
}
Event: 7.359 GC heap after
{Heap after GC invocations=19 (full 0):
 garbage-first heap   total 262144K, used 55934K [0x0000000080000000, 0x0000000100000000)
  region size 1024K, 7 young (7168K), 7 survivors (7168K)
 Metaspace       used 48001K, capacity 49259K, committed 49408K, reserved 1091584K
  class space    used 6172K, capacity 6636K, committed 6656K, reserved 1048576K
}

Deoptimization events (20 events):
Event: 7.321 Thread 0x0000020428581000 DEOPT PACKING pc=0x000002041611fad0 sp=0x00000068611fe850
Event: 7.321 Thread 0x0000020428581000 DEOPT UNPACKING pc=0x000002040e1978af sp=0x00000068611fe7d0 mode 2
Event: 7.385 Thread 0x0000020428581000 DEOPT PACKING pc=0x000002040f157608 sp=0x00000068611fe5d0
Event: 7.385 Thread 0x0000020428581000 DEOPT UNPACKING pc=0x000002040e1976ce sp=0x00000068611fdce0 mode 0
Event: 7.441 Thread 0x0000020428587800 Uncommon trap: trap_request=0xffffff4d fr.pc=0x0000020415ef96d8 relative=0x0000000000000e38
Event: 7.441 Thread 0x0000020428587800 Uncommon trap: reason=unstable_if action=reinterpret pc=0x0000020415ef96d8 method=org.objectweb.asm.SymbolTable.addConstantUtf8Reference(ILjava/lang/String;)Lorg/objectweb/asm/Symbol; @ 45 c2
Event: 7.441 Thread 0x0000020428587800 DEOPT PACKING pc=0x0000020415ef96d8 sp=0x00000068612fdd20
Event: 7.441 Thread 0x0000020428587800 DEOPT UNPACKING pc=0x000002040e1978af sp=0x00000068612fdd08 mode 2
Event: 7.457 Thread 0x0000020428587800 DEOPT PACKING pc=0x000002040f157608 sp=0x00000068612fddf0
Event: 7.457 Thread 0x0000020428587800 DEOPT UNPACKING pc=0x000002040e1976ce sp=0x00000068612fd500 mode 0
Event: 7.460 Thread 0x0000020428587800 DEOPT PACKING pc=0x000002040f157608 sp=0x00000068612fddf0
Event: 7.460 Thread 0x0000020428587800 DEOPT UNPACKING pc=0x000002040e1976ce sp=0x00000068612fd500 mode 0
Event: 7.482 Thread 0x0000020428587800 DEOPT PACKING pc=0x000002040f348037 sp=0x00000068612fe310
Event: 7.482 Thread 0x0000020428587800 DEOPT UNPACKING pc=0x000002040e1976ce sp=0x00000068612fd900 mode 0
Event: 7.493 Thread 0x0000020428587800 DEOPT PACKING pc=0x000002040f129703 sp=0x00000068612fdd00
Event: 7.493 Thread 0x0000020428587800 DEOPT UNPACKING pc=0x000002040e1976ce sp=0x00000068612fd520 mode 0
Event: 7.529 Thread 0x0000020428587800 DEOPT PACKING pc=0x000002040f129703 sp=0x00000068612fdd00
Event: 7.529 Thread 0x0000020428587800 DEOPT UNPACKING pc=0x000002040e1976ce sp=0x00000068612fd520 mode 0
Event: 7.588 Thread 0x0000020428587800 DEOPT PACKING pc=0x000002040f157608 sp=0x00000068612fde30
Event: 7.588 Thread 0x0000020428587800 DEOPT UNPACKING pc=0x000002040e1976ce sp=0x00000068612fd520 mode 0

Classes redefined (0 events):
No events

Internal exceptions (20 events):
Event: 7.184 Thread 0x000002042858a000 Exception <a 'sun/nio/fs/WindowsException'{0x000000008a38e458}> (0x000000008a38e458) thrown at [./src/hotspot/share/prims/jni.cpp, line 615]
Event: 7.186 Thread 0x0000020428bcc800 Exception <a 'sun/nio/fs/WindowsException'{0x000000008b098848}> (0x000000008b098848) thrown at [./src/hotspot/share/prims/jni.cpp, line 615]
Event: 7.188 Thread 0x0000020428bcc800 Exception <a 'sun/nio/fs/WindowsException'{0x000000008b0d8798}> (0x000000008b0d8798) thrown at [./src/hotspot/share/prims/jni.cpp, line 615]
Event: 7.188 Thread 0x0000020428bcc800 Exception <a 'sun/nio/fs/WindowsException'{0x000000008b0d8970}> (0x000000008b0d8970) thrown at [./src/hotspot/share/prims/jni.cpp, line 615]
Event: 7.190 Thread 0x0000020428bd0000 Exception <a 'sun/nio/fs/WindowsException'{0x00000000896fe8f0}> (0x00000000896fe8f0) thrown at [./src/hotspot/share/prims/jni.cpp, line 615]
Event: 7.195 Thread 0x0000020428bd0000 Exception <a 'sun/nio/fs/WindowsException'{0x00000000896feac0}> (0x00000000896feac0) thrown at [./src/hotspot/share/prims/jni.cpp, line 615]
Event: 7.198 Thread 0x0000020428586000 Exception <a 'sun/nio/fs/WindowsException'{0x000000008879da00}> (0x000000008879da00) thrown at [./src/hotspot/share/prims/jni.cpp, line 615]
Event: 7.199 Thread 0x0000020428586000 Exception <a 'sun/nio/fs/WindowsException'{0x000000008879dbc8}> (0x000000008879dbc8) thrown at [./src/hotspot/share/prims/jni.cpp, line 615]
Event: 7.207 Thread 0x0000020428587000 Exception <a 'sun/nio/fs/WindowsException'{0x0000000087c3d9f0}> (0x0000000087c3d9f0) thrown at [./src/hotspot/share/prims/jni.cpp, line 615]
Event: 7.207 Thread 0x0000020428587000 Exception <a 'sun/nio/fs/WindowsException'{0x0000000087c3db78}> (0x0000000087c3db78) thrown at [./src/hotspot/share/prims/jni.cpp, line 615]
Event: 7.215 Thread 0x0000020428bce000 Exception <a 'sun/nio/fs/WindowsException'{0x00000000874c6fa0}> (0x00000000874c6fa0) thrown at [./src/hotspot/share/prims/jni.cpp, line 615]
Event: 7.215 Thread 0x0000020428bce000 Exception <a 'sun/nio/fs/WindowsException'{0x00000000874c7170}> (0x00000000874c7170) thrown at [./src/hotspot/share/prims/jni.cpp, line 615]
Event: 7.265 Thread 0x0000020428588800 Exception <a 'sun/nio/fs/WindowsException'{0x000000008d7ccf70}> (0x000000008d7ccf70) thrown at [./src/hotspot/share/prims/jni.cpp, line 615]
Event: 7.266 Thread 0x0000020428588800 Exception <a 'sun/nio/fs/WindowsException'{0x000000008d7cd0e8}> (0x000000008d7cd0e8) thrown at [./src/hotspot/share/prims/jni.cpp, line 615]
Event: 7.280 Thread 0x0000020428bcb000 Exception <a 'sun/nio/fs/WindowsException'{0x000000008bfc8220}> (0x000000008bfc8220) thrown at [./src/hotspot/share/prims/jni.cpp, line 615]
Event: 7.281 Thread 0x0000020428bcb000 Exception <a 'sun/nio/fs/WindowsException'{0x000000008bfc83b8}> (0x000000008bfc83b8) thrown at [./src/hotspot/share/prims/jni.cpp, line 615]
Event: 7.408 Thread 0x0000020428589800 Exception <a 'sun/nio/fs/WindowsException'{0x000000008e284f80}> (0x000000008e284f80) thrown at [./src/hotspot/share/prims/jni.cpp, line 615]
Event: 7.408 Thread 0x0000020428589800 Exception <a 'sun/nio/fs/WindowsException'{0x000000008e2850e8}> (0x000000008e2850e8) thrown at [./src/hotspot/share/prims/jni.cpp, line 615]
Event: 7.458 Thread 0x0000020428581000 Exception <a 'sun/nio/fs/WindowsException'{0x000000008c7568e0}> (0x000000008c7568e0) thrown at [./src/hotspot/share/prims/jni.cpp, line 615]
Event: 7.458 Thread 0x0000020428581000 Exception <a 'sun/nio/fs/WindowsException'{0x000000008c756ab8}> (0x000000008c756ab8) thrown at [./src/hotspot/share/prims/jni.cpp, line 615]

Events (20 events):
Event: 7.138 loading class ijinit_5qs4168ezkicfjmpjpzalarojBeanInfo
Event: 7.138 loading class ijinit_5qs4168ezkicfjmpjpzalarojBeanInfo done
Event: 7.138 loading class ijinit_5qs4168ezkicfjmpjpzalarojCustomizer
Event: 7.138 loading class ijinit_5qs4168ezkicfjmpjpzalarojCustomizer done
Event: 7.138 loading class ijinit_5qs4168ezkicfjmpjpzalarojCustomizer
Event: 7.138 loading class ijinit_5qs4168ezkicfjmpjpzalarojCustomizer done
Event: 7.139 loading class groovy/runtime/metaclass/ijinit_5qs4168ezkicfjmpjpzalaroj$_run_closure1MetaClass
Event: 7.139 loading class groovy/runtime/metaclass/ijinit_5qs4168ezkicfjmpjpzalaroj$_run_closure1MetaClass done
Event: 7.140 loading class groovy/runtime/metaclass/ijinit_5qs4168ezkicfjmpjpzalaroj$_run_closure1$_closure2MetaClass
Event: 7.140 loading class groovy/runtime/metaclass/ijinit_5qs4168ezkicfjmpjpzalaroj$_run_closure1$_closure2MetaClass done
Event: 7.145 Executing VM operation: ICBufferFull
Event: 7.146 Executing VM operation: ICBufferFull done
Event: 7.155 loading class java/util/concurrent/ThreadLocalRandom
Event: 7.156 loading class java/util/concurrent/ThreadLocalRandom done
Event: 7.200 loading class org/gradle/internal/classpath/InstrumentingTransformer$InstrumentingVisitor$1
Event: 7.200 loading class org/gradle/internal/classpath/InstrumentingTransformer$InstrumentingVisitor$1 done
Event: 7.221 Executing VM operation: G1CollectForAllocation
Event: 7.224 Executing VM operation: G1CollectForAllocation done
Event: 7.357 Executing VM operation: G1CollectForAllocation
Event: 7.359 Executing VM operation: G1CollectForAllocation done


Dynamic libraries:
0x00007ff6b2690000 - 0x00007ff6b269a000 	C:\Program Files\Android\Android Studio\jre\bin\java.exe
0x00007ff80fb90000 - 0x00007ff80fd85000 	C:\Windows\SYSTEM32\ntdll.dll
0x00007ff80fa90000 - 0x00007ff80fb4d000 	C:\Windows\System32\KERNEL32.DLL
0x00007ff80d8d0000 - 0x00007ff80db98000 	C:\Windows\System32\KERNELBASE.dll
0x00007ff80d7d0000 - 0x00007ff80d8d0000 	C:\Windows\System32\ucrtbase.dll
0x00007ff804740000 - 0x00007ff804757000 	C:\Program Files\Android\Android Studio\jre\bin\VCRUNTIME140.dll
0x00007ff800470000 - 0x00007ff800489000 	C:\Program Files\Android\Android Studio\jre\bin\jli.dll
0x00007ff80eb90000 - 0x00007ff80ed30000 	C:\Windows\System32\USER32.dll
0x00007ff80d480000 - 0x00007ff80d4a2000 	C:\Windows\System32\win32u.dll
0x00007ff80c6f0000 - 0x00007ff80c98a000 	C:\Windows\WinSxS\amd64_microsoft.windows.common-controls_6595b64144ccf1df_6.0.19041.844_none_ca00b6081b84eb1d\COMCTL32.dll
0x00007ff80f0b0000 - 0x00007ff80f0da000 	C:\Windows\System32\GDI32.dll
0x00007ff80f210000 - 0x00007ff80f2ae000 	C:\Windows\System32\msvcrt.dll
0x00007ff80d2d0000 - 0x00007ff80d3db000 	C:\Windows\System32\gdi32full.dll
0x00007ff80d3e0000 - 0x00007ff80d47d000 	C:\Windows\System32\msvcp_win.dll
0x00007ff80dbf0000 - 0x00007ff80dc20000 	C:\Windows\System32\IMM32.DLL
0x00007ffff8050000 - 0x00007ffff80ed000 	C:\Program Files\Android\Android Studio\jre\bin\msvcp140.dll
0x00007fffb6290000 - 0x00007fffb6d5f000 	C:\Program Files\Android\Android Studio\jre\bin\server\jvm.dll
0x00007ff80df10000 - 0x00007ff80dfbc000 	C:\Windows\System32\ADVAPI32.dll
0x00007ff80de70000 - 0x00007ff80df0b000 	C:\Windows\System32\sechost.dll
0x00007ff80f4c0000 - 0x00007ff80f5eb000 	C:\Windows\System32\RPCRT4.dll
0x00007ff80dd50000 - 0x00007ff80dd58000 	C:\Windows\System32\PSAPI.DLL
0x00007ff808b40000 - 0x00007ff808b49000 	C:\Windows\SYSTEM32\WSOCK32.dll
0x00007ff8041b0000 - 0x00007ff8041d7000 	C:\Windows\SYSTEM32\WINMM.dll
0x00007ff80a0e0000 - 0x00007ff80a0ea000 	C:\Windows\SYSTEM32\VERSION.dll
0x00007ff80efb0000 - 0x00007ff80f01b000 	C:\Windows\System32\WS2_32.dll
0x00007ff80a460000 - 0x00007ff80a472000 	C:\Windows\SYSTEM32\kernel.appcore.dll
0x00007ff800430000 - 0x00007ff800441000 	C:\Program Files\Android\Android Studio\jre\bin\verify.dll
0x00007ff80cd00000 - 0x00007ff80cee4000 	C:\Windows\SYSTEM32\DBGHELP.DLL
0x00007ff80cab0000 - 0x00007ff80cadc000 	C:\Windows\SYSTEM32\dbgcore.DLL
0x00007ff80d4e0000 - 0x00007ff80d560000 	C:\Windows\System32\bcryptPrimitives.dll
0x00007ff800400000 - 0x00007ff800429000 	C:\Program Files\Android\Android Studio\jre\bin\java.dll
0x00007ff8003f0000 - 0x00007ff8003fb000 	C:\Program Files\Android\Android Studio\jre\bin\jimage.dll
0x00007ff8003d0000 - 0x00007ff8003e8000 	C:\Program Files\Android\Android Studio\jre\bin\zip.dll
0x00007ff80dfd0000 - 0x00007ff80e712000 	C:\Windows\System32\SHELL32.dll
0x00007ff80a760000 - 0x00007ff80aef1000 	C:\Windows\SYSTEM32\windows.storage.dll
0x00007ff80f5f0000 - 0x00007ff80f945000 	C:\Windows\System32\combase.dll
0x00007ff80c650000 - 0x00007ff80c67c000 	C:\Windows\SYSTEM32\Wldp.dll
0x00007ff80f0e0000 - 0x00007ff80f18e000 	C:\Windows\System32\SHCORE.dll
0x00007ff80f460000 - 0x00007ff80f4b5000 	C:\Windows\System32\shlwapi.dll
0x00007ff80d210000 - 0x00007ff80d22f000 	C:\Windows\SYSTEM32\profapi.dll
0x00007ff8003b0000 - 0x00007ff8003ca000 	C:\Program Files\Android\Android Studio\jre\bin\net.dll
0x00007ff805350000 - 0x00007ff80545b000 	C:\Windows\SYSTEM32\WINHTTP.dll
0x00007ff80c260000 - 0x00007ff80c2ca000 	C:\Windows\system32\mswsock.dll
0x00007ff800390000 - 0x00007ff8003a4000 	C:\Program Files\Android\Android Studio\jre\bin\nio.dll
0x00007ff8004c0000 - 0x00007ff8004e7000 	C:\Users\Daniel\.gradle\native\8bec1ad78214c89d9ad589b4d07fe93259594b29d510b10fafb7a158f7737e5d\windows-amd64\native-platform.dll
0x00007ffff9170000 - 0x00007ffff92ad000 	C:\Users\Daniel\.gradle\native\53dbd7edfb1c66fb8903c78663c9afc45aea4f116125fa6feffd364cf09443e8\windows-amd64\native-platform-file-events.dll
0x00007ff800380000 - 0x00007ff80038a000 	C:\Program Files\Android\Android Studio\jre\bin\management.dll
0x00007ff800370000 - 0x00007ff80037c000 	C:\Program Files\Android\Android Studio\jre\bin\management_ext.dll
0x00007ff80d060000 - 0x00007ff80d078000 	C:\Windows\SYSTEM32\CRYPTSP.dll
0x00007ff80bd80000 - 0x00007ff80bdb4000 	C:\Windows\system32\rsaenh.dll
0x00007ff80d4b0000 - 0x00007ff80d4d7000 	C:\Windows\System32\bcrypt.dll
0x00007ff80d1d0000 - 0x00007ff80d1fe000 	C:\Windows\SYSTEM32\USERENV.dll
0x00007ff80c480000 - 0x00007ff80c48c000 	C:\Windows\SYSTEM32\CRYPTBASE.dll
0x00007ff80c2d0000 - 0x00007ff80c30b000 	C:\Windows\SYSTEM32\IPHLPAPI.DLL
0x00007ff80ee80000 - 0x00007ff80ee88000 	C:\Windows\System32\NSI.dll
0x00007ff806a20000 - 0x00007ff806a37000 	C:\Windows\SYSTEM32\dhcpcsvc6.DLL
0x00007ff8074b0000 - 0x00007ff8074cd000 	C:\Windows\SYSTEM32\dhcpcsvc.DLL
0x00007ff80c0b0000 - 0x00007ff80c17c000 	C:\Windows\SYSTEM32\DNSAPI.dll

dbghelp: loaded successfully - version: 4.0.5 - missing functions: none
symbol engine: initialized successfully - sym options: 0x614 - pdb path: .;C:\Program Files\Android\Android Studio\jre\bin;C:\Windows\SYSTEM32;C:\Windows\WinSxS\amd64_microsoft.windows.common-controls_6595b64144ccf1df_6.0.19041.844_none_ca00b6081b84eb1d;C:\Program Files\Android\Android Studio\jre\bin\server;C:\Users\Daniel\.gradle\native\8bec1ad78214c89d9ad589b4d07fe93259594b29d510b10fafb7a158f7737e5d\windows-amd64;C:\Users\Daniel\.gradle\native\53dbd7edfb1c66fb8903c78663c9afc45aea4f116125fa6feffd364cf09443e8\windows-amd64

VM Arguments:
jvm_args: --add-opens=java.base/java.util=ALL-UNNAMED --add-opens=java.base/java.lang=ALL-UNNAMED --add-opens=java.base/java.lang.invoke=ALL-UNNAMED --add-opens=java.base/java.util=ALL-UNNAMED --add-opens=java.prefs/java.util.prefs=ALL-UNNAMED --add-opens=java.prefs/java.util.prefs=ALL-UNNAMED --add-opens=java.base/java.nio.charset=ALL-UNNAMED --add-opens=java.base/java.net=ALL-UNNAMED --add-opens=java.base/java.util.concurrent.atomic=ALL-UNNAMED -Xmx2048m -Dfile.encoding=UTF-8 -Duser.country=AR -Duser.language=es -Duser.variant 
java_command: org.gradle.launcher.daemon.bootstrap.GradleDaemon 7.0.2
java_class_path (initial): C:\Users\Daniel\.gradle\wrapper\dists\gradle-7.0.2-bin\857tjihv64xamwrf0h14cai3r\gradle-7.0.2\lib\gradle-launcher-7.0.2.jar
Launcher Type: SUN_STANDARD

[Global flags]
     intx CICompilerCount                          = 4                                         {product} {ergonomic}
     uint ConcGCThreads                            = 3                                         {product} {ergonomic}
     uint G1ConcRefinementThreads                  = 10                                        {product} {ergonomic}
   size_t G1HeapRegionSize                         = 1048576                                   {product} {ergonomic}
    uintx GCDrainStackTargetSize                   = 64                                        {product} {ergonomic}
   size_t InitialHeapSize                          = 268435456                                 {product} {ergonomic}
   size_t MarkStackSize                            = 4194304                                   {product} {ergonomic}
   size_t MaxHeapSize                              = 2147483648                                {product} {command line}
   size_t MaxNewSize                               = 1287651328                                {product} {ergonomic}
   size_t MinHeapDeltaBytes                        = 1048576                                   {product} {ergonomic}
    uintx NonNMethodCodeHeapSize                   = 5836300                                {pd product} {ergonomic}
    uintx NonProfiledCodeHeapSize                  = 122910970                              {pd product} {ergonomic}
    uintx ProfiledCodeHeapSize                     = 122910970                              {pd product} {ergonomic}
    uintx ReservedCodeCacheSize                    = 251658240                              {pd product} {ergonomic}
     bool SegmentedCodeCache                       = true                                      {product} {ergonomic}
     bool UseCompressedClassPointers               = true                                 {lp64_product} {ergonomic}
     bool UseCompressedOops                        = true                                 {lp64_product} {ergonomic}
     bool UseG1GC                                  = true                                      {product} {ergonomic}
     bool UseLargePagesIndividualAllocation        = false                                  {pd product} {ergonomic}

Logging:
Log output configuration:
 #0: stdout all=warning uptime,level,tags
 #1: stderr all=off uptime,level,tags

Environment Variables:
PATH=C:\Program Files (x86)\Common Files\Oracle\Java\javapath;C:\Windows\system32;C:\Windows;C:\Windows\System32\Wbem;C:\Windows\System32\WindowsPowerShell\v1.0\;C:\Windows\System32\OpenSSH\;C:\Program Files\nodejs\;C:\Program Files\Git\cmd;C:\Program Files\dotnet\;C:\Program Files\Microsoft SQL Server\130\Tools\Binn\;C:\Program Files\Microsoft SQL Server\Client SDK\ODBC\170\Tools\Binn\;C:\Users\Daniel\AppData\Local\Programs\Python\Python39\Scripts\;C:\Users\Daniel\AppData\Local\Programs\Python\Python39\;C:\Users\Daniel\AppData\Local\Microsoft\WindowsApps;C:\Users\Daniel\AppData\Roaming\npm;C:\Users\Daniel\AppData\Local\Programs\Microsoft VS Code\bin;C:\Users\Daniel\.dotnet\tools
USERNAME=Daniel
OS=Windows_NT
PROCESSOR_IDENTIFIER=Intel64 Family 6 Model 165 Stepping 3, GenuineIntel



---------------  S Y S T E M  ---------------

OS: Windows 10 , 64 bit Build 19041 (10.0.19041.928)
OS uptime: 0 days 5:59 hours

CPU:total 12 (initial active 12) (6 cores per cpu, 2 threads per core) family 6 model 165 stepping 3 microcode 0xcc, cmov, cx8, fxsr, mmx, sse, sse2, sse3, ssse3, sse4.1, sse4.2, popcnt, avx, avx2, aes, clmul, erms, 3dnowpref, lzcnt, ht, tsc, tscinvbit, bmi1, bmi2, adx, fma

Memory: 4k page, system-wide physical 16316M (8618M free)
TotalPageFile size 19260M (AvailPageFile size 7638M)
current process WorkingSet (physical memory assigned to process): 442M, peak: 446M
current process commit charge ("private bytes"): 525M, peak: 530M

vm_info: OpenJDK 64-Bit Server VM (11.0.10+0-b96-7249189) for windows-amd64 JRE (11.0.10+0-b96-7249189), built on Mar 31 2021 21:44:00 by "builder" with MS VC++ 14.0 (VS2015)

END.
